mode: set
github.com/zeirash/recapo/arion/common/config/config.go:45.19,47.38 2 0
github.com/zeirash/recapo/arion/common/config/config.go:47.38,49.3 1 0
github.com/zeirash/recapo/arion/common/config/config.go:50.2,51.16 2 0
github.com/zeirash/recapo/arion/common/config/config.go:51.16,54.3 2 0
github.com/zeirash/recapo/arion/common/config/config.go:56.2,57.16 2 0
github.com/zeirash/recapo/arion/common/config/config.go:57.16,59.3 1 0
github.com/zeirash/recapo/arion/common/config/config.go:62.25,64.2 1 0
github.com/zeirash/recapo/arion/cron.go:10.18,12.2 1 0
github.com/zeirash/recapo/arion/cron.go:14.21,22.21 5 0
github.com/zeirash/recapo/arion/cron.go:22.21,24.3 1 0
github.com/zeirash/recapo/arion/cron.go:27.62,28.50 1 0
github.com/zeirash/recapo/arion/cron.go:28.50,30.3 1 0
github.com/zeirash/recapo/arion/main.go:39.19,41.25 2 0
github.com/zeirash/recapo/arion/main.go:41.25,43.3 1 0
github.com/zeirash/recapo/arion/main.go:45.2,51.16 2 0
github.com/zeirash/recapo/arion/main.go:51.16,53.3 1 0
github.com/zeirash/recapo/arion/main.go:56.30,140.2 57 0
github.com/zeirash/recapo/arion/main.go:142.13,177.2 13 0
github.com/zeirash/recapo/arion/common/database/postgres.go:33.41,35.2 1 0
github.com/zeirash/recapo/arion/common/database/postgres.go:37.35,39.2 1 0
github.com/zeirash/recapo/arion/common/database/postgres.go:53.36,63.25 2 0
github.com/zeirash/recapo/arion/common/database/postgres.go:63.25,65.3 1 0
github.com/zeirash/recapo/arion/common/database/postgres.go:67.2,67.12 1 0
github.com/zeirash/recapo/arion/common/database/postgres.go:70.44,72.16 2 0
github.com/zeirash/recapo/arion/common/database/postgres.go:72.16,74.3 1 0
github.com/zeirash/recapo/arion/common/database/postgres.go:76.2,76.33 1 0
github.com/zeirash/recapo/arion/common/database/postgres.go:76.33,78.3 1 0
github.com/zeirash/recapo/arion/common/database/postgres.go:80.2,80.16 1 0
github.com/zeirash/recapo/arion/common/database/postgres.go:84.15,98.16 5 0
github.com/zeirash/recapo/arion/common/database/postgres.go:98.16,100.3 1 0
github.com/zeirash/recapo/arion/common/database/postgres.go:102.2,102.48 1 0
github.com/zeirash/recapo/arion/common/database/postgres.go:106.22,107.15 1 0
github.com/zeirash/recapo/arion/common/database/postgres.go:107.15,109.3 1 0
github.com/zeirash/recapo/arion/common/database/postgres.go:110.2,110.11 1 0
github.com/zeirash/recapo/arion/common/database/postgres.go:115.24,116.15 1 0
github.com/zeirash/recapo/arion/common/database/postgres.go:116.15,118.3 1 0
github.com/zeirash/recapo/arion/common/database/postgres.go:119.2,119.27 1 0
github.com/zeirash/recapo/arion/common/database/postgres.go:123.16,124.15 1 0
github.com/zeirash/recapo/arion/common/database/postgres.go:124.15,126.3 1 0
github.com/zeirash/recapo/arion/common/context.go:18.68,21.2 2 0
github.com/zeirash/recapo/arion/common/context.go:23.78,26.2 2 0
github.com/zeirash/recapo/arion/common/i18n/i18n.go:21.13,24.2 2 0
github.com/zeirash/recapo/arion/common/i18n/i18n.go:26.28,28.16 2 0
github.com/zeirash/recapo/arion/common/i18n/i18n.go:28.16,30.3 1 0
github.com/zeirash/recapo/arion/common/i18n/i18n.go:31.2,32.49 2 0
github.com/zeirash/recapo/arion/common/i18n/i18n.go:32.49,34.3 1 0
github.com/zeirash/recapo/arion/common/i18n/i18n.go:35.2,37.13 3 0
github.com/zeirash/recapo/arion/common/i18n/i18n.go:42.49,43.14 1 0
github.com/zeirash/recapo/arion/common/i18n/i18n.go:43.14,45.3 1 0
github.com/zeirash/recapo/arion/common/i18n/i18n.go:46.2,47.22 2 0
github.com/zeirash/recapo/arion/common/i18n/i18n.go:47.22,49.3 1 0
github.com/zeirash/recapo/arion/common/i18n/i18n.go:51.2,51.54 1 0
github.com/zeirash/recapo/arion/common/i18n/i18n.go:51.54,53.47 2 0
github.com/zeirash/recapo/arion/common/i18n/i18n.go:53.47,55.4 1 0
github.com/zeirash/recapo/arion/common/i18n/i18n.go:56.3,57.21 2 0
github.com/zeirash/recapo/arion/common/i18n/i18n.go:57.21,59.36 2 0
github.com/zeirash/recapo/arion/common/i18n/i18n.go:59.36,61.5 1 0
github.com/zeirash/recapo/arion/common/i18n/i18n.go:64.2,64.20 1 0
github.com/zeirash/recapo/arion/common/i18n/i18n.go:70.34,74.34 4 0
github.com/zeirash/recapo/arion/common/i18n/i18n.go:74.34,76.3 1 0
github.com/zeirash/recapo/arion/common/i18n/i18n.go:78.2,78.25 1 0
github.com/zeirash/recapo/arion/common/i18n/i18n.go:78.25,82.33 4 0
github.com/zeirash/recapo/arion/common/i18n/i18n.go:82.33,84.4 1 0
github.com/zeirash/recapo/arion/common/i18n/i18n.go:86.2,86.11 1 0
github.com/zeirash/recapo/arion/common/i18n/i18n.go:91.68,93.37 2 0
github.com/zeirash/recapo/arion/common/i18n/i18n.go:93.37,95.3 1 0
github.com/zeirash/recapo/arion/common/i18n/i18n.go:96.2,96.17 1 0
github.com/zeirash/recapo/arion/common/logger/logger.go:9.13,17.2 3 0
github.com/zeirash/recapo/arion/common/logger/logger.go:20.27,21.16 1 0
github.com/zeirash/recapo/arion/common/logger/logger.go:21.16,23.3 1 0
github.com/zeirash/recapo/arion/common/logger/logger.go:24.2,24.12 1 0
github.com/zeirash/recapo/arion/common/logger/logger.go:28.32,30.2 1 0
github.com/zeirash/recapo/arion/common/logger/logger.go:32.48,34.2 1 0
github.com/zeirash/recapo/arion/common/logger/logger.go:36.33,38.2 1 0
github.com/zeirash/recapo/arion/common/logger/logger.go:40.49,42.2 1 0
github.com/zeirash/recapo/arion/common/logger/logger.go:44.32,46.2 1 0
github.com/zeirash/recapo/arion/common/logger/logger.go:48.48,50.2 1 0
github.com/zeirash/recapo/arion/common/logger/logger.go:52.33,54.2 1 0
github.com/zeirash/recapo/arion/common/logger/logger.go:56.49,58.2 1 0
github.com/zeirash/recapo/arion/common/logger/logger.go:60.33,62.2 1 0
github.com/zeirash/recapo/arion/common/logger/logger.go:64.49,66.2 1 0
github.com/zeirash/recapo/arion/common/logger/logger.go:68.41,70.2 1 0
github.com/zeirash/recapo/arion/common/logger/logger.go:72.53,74.2 1 0
github.com/zeirash/recapo/arion/docs/docs.go:1806.13,1808.2 1 0
github.com/zeirash/recapo/arion/common/middleware/auth.go:17.102,18.47 1 0
github.com/zeirash/recapo/arion/common/middleware/auth.go:18.47,21.41 1 0
github.com/zeirash/recapo/arion/common/middleware/auth.go:21.41,23.4 1 0
github.com/zeirash/recapo/arion/common/middleware/auth.go:24.3,24.15 1 0
github.com/zeirash/recapo/arion/common/middleware/auth.go:28.53,29.71 1 0
github.com/zeirash/recapo/arion/common/middleware/auth.go:29.71,35.18 5 0
github.com/zeirash/recapo/arion/common/middleware/auth.go:35.18,38.4 2 0
github.com/zeirash/recapo/arion/common/middleware/auth.go:40.3,42.17 3 0
github.com/zeirash/recapo/arion/common/middleware/auth.go:42.17,45.4 2 0
github.com/zeirash/recapo/arion/common/middleware/auth.go:47.3,47.18 1 0
github.com/zeirash/recapo/arion/common/middleware/auth.go:47.18,50.4 2 0
github.com/zeirash/recapo/arion/common/middleware/auth.go:52.3,53.17 2 0
github.com/zeirash/recapo/arion/common/middleware/auth.go:53.17,56.4 2 0
github.com/zeirash/recapo/arion/common/middleware/auth.go:58.3,63.23 5 0
github.com/zeirash/recapo/arion/common/middleware/auth.go:67.54,68.71 1 0
github.com/zeirash/recapo/arion/common/middleware/auth.go:68.71,72.20 3 0
github.com/zeirash/recapo/arion/common/middleware/auth.go:72.20,75.4 2 0
github.com/zeirash/recapo/arion/common/middleware/auth.go:77.3,77.23 1 0
github.com/zeirash/recapo/arion/common/middleware/logger.go:11.52,12.71 1 0
github.com/zeirash/recapo/arion/common/middleware/logger.go:12.71,21.3 3 0
github.com/zeirash/recapo/arion/common/middleware/recovery.go:14.47,15.71 1 0
github.com/zeirash/recapo/arion/common/middleware/recovery.go:15.71,16.16 1 0
github.com/zeirash/recapo/arion/common/middleware/recovery.go:16.16,17.36 1 0
github.com/zeirash/recapo/arion/common/middleware/recovery.go:17.36,24.28 3 0
github.com/zeirash/recapo/arion/common/middleware/recovery.go:25.16,26.18 1 0
github.com/zeirash/recapo/arion/common/middleware/recovery.go:27.13,28.36 1 0
github.com/zeirash/recapo/arion/common/middleware/recovery.go:30.5,32.95 2 0
github.com/zeirash/recapo/arion/common/middleware/recovery.go:36.3,36.23 1 0
github.com/zeirash/recapo/arion/common/middleware/subscription.go:16.56,17.71 1 0
github.com/zeirash/recapo/arion/common/middleware/subscription.go:17.71,20.25 3 0
github.com/zeirash/recapo/arion/common/middleware/subscription.go:20.25,23.4 2 0
github.com/zeirash/recapo/arion/common/middleware/subscription.go:25.3,26.17 2 0
github.com/zeirash/recapo/arion/common/middleware/subscription.go:26.17,29.4 1 0
github.com/zeirash/recapo/arion/common/middleware/subscription.go:31.3,32.17 2 0
github.com/zeirash/recapo/arion/common/middleware/subscription.go:32.17,35.4 2 0
github.com/zeirash/recapo/arion/common/middleware/subscription.go:37.3,37.14 1 0
github.com/zeirash/recapo/arion/common/middleware/subscription.go:37.14,40.4 2 0
github.com/zeirash/recapo/arion/common/middleware/subscription.go:42.3,42.23 1 0
github.com/zeirash/recapo/arion/mock/database/db_mock.go:27.49,31.2 3 0
github.com/zeirash/recapo/arion/mock/database/db_mock.go:34.47,36.2 1 0
github.com/zeirash/recapo/arion/mock/database/db_mock.go:39.33,44.2 4 0
github.com/zeirash/recapo/arion/mock/database/db_mock.go:47.53,50.2 2 0
github.com/zeirash/recapo/arion/mock/database/db_mock.go:53.63,56.25 3 0
github.com/zeirash/recapo/arion/mock/database/db_mock.go:56.25,58.3 1 0
github.com/zeirash/recapo/arion/mock/database/db_mock.go:59.2,61.13 3 0
github.com/zeirash/recapo/arion/mock/database/db_mock.go:65.93,69.2 3 0
github.com/zeirash/recapo/arion/mock/database/db_mock.go:72.35,77.2 4 0
github.com/zeirash/recapo/arion/mock/database/db_mock.go:80.55,83.2 2 0
github.com/zeirash/recapo/arion/mock/database/db_mock.go:86.70,89.25 3 0
github.com/zeirash/recapo/arion/mock/database/db_mock.go:89.25,91.3 1 0
github.com/zeirash/recapo/arion/mock/database/db_mock.go:92.2,95.19 4 0
github.com/zeirash/recapo/arion/mock/database/db_mock.go:99.89,103.2 3 0
github.com/zeirash/recapo/arion/mock/database/db_mock.go:117.49,121.2 3 0
github.com/zeirash/recapo/arion/mock/database/db_mock.go:124.47,126.2 1 0
github.com/zeirash/recapo/arion/mock/database/db_mock.go:129.47,135.2 5 0
github.com/zeirash/recapo/arion/mock/database/db_mock.go:138.52,141.2 2 0
github.com/zeirash/recapo/arion/mock/database/db_mock.go:144.32,149.2 4 0
github.com/zeirash/recapo/arion/mock/database/db_mock.go:152.52,155.2 2 0
github.com/zeirash/recapo/arion/mock/service/customer_mock.go:28.75,32.2 3 0
github.com/zeirash/recapo/arion/mock/service/customer_mock.go:35.73,37.2 1 0
github.com/zeirash/recapo/arion/mock/service/customer_mock.go:40.137,46.2 5 0
github.com/zeirash/recapo/arion/mock/service/customer_mock.go:49.114,52.2 2 0
github.com/zeirash/recapo/arion/mock/service/customer_mock.go:55.118,61.2 5 0
github.com/zeirash/recapo/arion/mock/service/customer_mock.go:64.114,67.2 2 0
github.com/zeirash/recapo/arion/mock/service/customer_mock.go:70.64,75.2 4 0
github.com/zeirash/recapo/arion/mock/service/customer_mock.go:78.92,81.2 2 0
github.com/zeirash/recapo/arion/mock/service/customer_mock.go:84.110,87.27 3 0
github.com/zeirash/recapo/arion/mock/service/customer_mock.go:87.27,89.3 1 0
github.com/zeirash/recapo/arion/mock/service/customer_mock.go:90.2,93.19 4 0
github.com/zeirash/recapo/arion/mock/service/customer_mock.go:97.120,101.2 3 0
github.com/zeirash/recapo/arion/mock/service/customer_mock.go:104.125,110.2 5 0
github.com/zeirash/recapo/arion/mock/service/customer_mock.go:113.106,116.2 2 0
github.com/zeirash/recapo/arion/mock/service/customer_mock.go:119.112,125.2 5 0
github.com/zeirash/recapo/arion/mock/service/customer_mock.go:128.91,131.2 2 0
github.com/zeirash/recapo/arion/mock/service/order_mock.go:28.69,32.2 3 0
github.com/zeirash/recapo/arion/mock/service/order_mock.go:35.67,37.2 1 0
github.com/zeirash/recapo/arion/mock/service/order_mock.go:40.107,46.2 5 0
github.com/zeirash/recapo/arion/mock/service/order_mock.go:49.105,52.2 2 0
github.com/zeirash/recapo/arion/mock/service/order_mock.go:55.105,61.2 5 0
github.com/zeirash/recapo/arion/mock/service/order_mock.go:64.107,67.2 2 0
github.com/zeirash/recapo/arion/mock/service/order_mock.go:70.103,76.2 5 0
github.com/zeirash/recapo/arion/mock/service/order_mock.go:79.102,82.2 2 0
github.com/zeirash/recapo/arion/mock/service/order_mock.go:85.166,91.2 5 0
github.com/zeirash/recapo/arion/mock/service/order_mock.go:94.130,97.2 2 0
github.com/zeirash/recapo/arion/mock/service/order_mock.go:100.58,105.2 4 0
github.com/zeirash/recapo/arion/mock/service/order_mock.go:108.86,111.2 2 0
github.com/zeirash/recapo/arion/mock/service/order_mock.go:114.80,119.2 4 0
github.com/zeirash/recapo/arion/mock/service/order_mock.go:122.108,125.2 2 0
github.com/zeirash/recapo/arion/mock/service/order_mock.go:128.86,133.2 4 0
github.com/zeirash/recapo/arion/mock/service/order_mock.go:136.114,139.2 2 0
github.com/zeirash/recapo/arion/mock/service/order_mock.go:142.102,148.2 5 0
github.com/zeirash/recapo/arion/mock/service/order_mock.go:151.113,154.2 2 0
github.com/zeirash/recapo/arion/mock/service/order_mock.go:157.93,160.27 3 0
github.com/zeirash/recapo/arion/mock/service/order_mock.go:160.27,162.3 1 0
github.com/zeirash/recapo/arion/mock/service/order_mock.go:163.2,166.19 4 0
github.com/zeirash/recapo/arion/mock/service/order_mock.go:170.106,174.2 3 0
github.com/zeirash/recapo/arion/mock/service/order_mock.go:177.104,183.2 5 0
github.com/zeirash/recapo/arion/mock/service/order_mock.go:186.105,189.2 2 0
github.com/zeirash/recapo/arion/mock/service/order_mock.go:192.98,198.2 5 0
github.com/zeirash/recapo/arion/mock/service/order_mock.go:201.98,204.2 2 0
github.com/zeirash/recapo/arion/mock/service/order_mock.go:207.104,213.2 5 0
github.com/zeirash/recapo/arion/mock/service/order_mock.go:216.101,219.2 2 0
github.com/zeirash/recapo/arion/mock/service/order_mock.go:222.119,228.2 5 0
github.com/zeirash/recapo/arion/mock/service/order_mock.go:231.98,234.2 2 0
github.com/zeirash/recapo/arion/mock/service/order_mock.go:237.101,240.27 3 0
github.com/zeirash/recapo/arion/mock/service/order_mock.go:240.27,242.3 1 0
github.com/zeirash/recapo/arion/mock/service/order_mock.go:243.2,246.19 4 0
github.com/zeirash/recapo/arion/mock/service/order_mock.go:250.110,254.2 3 0
github.com/zeirash/recapo/arion/mock/service/order_mock.go:257.127,263.2 5 0
github.com/zeirash/recapo/arion/mock/service/order_mock.go:266.102,269.2 2 0
github.com/zeirash/recapo/arion/mock/service/order_mock.go:272.129,278.2 5 0
github.com/zeirash/recapo/arion/mock/service/order_mock.go:281.129,284.2 2 0
github.com/zeirash/recapo/arion/mock/service/order_mock.go:287.88,293.2 5 0
github.com/zeirash/recapo/arion/mock/service/order_mock.go:296.90,299.2 2 0
github.com/zeirash/recapo/arion/mock/service/order_mock.go:302.104,308.2 5 0
github.com/zeirash/recapo/arion/mock/service/order_mock.go:311.89,314.2 2 0
github.com/zeirash/recapo/arion/mock/service/order_mock.go:317.116,323.2 5 0
github.com/zeirash/recapo/arion/mock/service/order_mock.go:326.93,329.2 2 0
github.com/zeirash/recapo/arion/mock/service/order_mock.go:332.117,338.2 5 0
github.com/zeirash/recapo/arion/mock/service/order_mock.go:341.116,344.2 2 0
github.com/zeirash/recapo/arion/mock/service/product_mock.go:29.73,33.2 3 0
github.com/zeirash/recapo/arion/mock/service/product_mock.go:36.71,38.2 1 0
github.com/zeirash/recapo/arion/mock/service/product_mock.go:41.169,47.2 5 0
github.com/zeirash/recapo/arion/mock/service/product_mock.go:50.141,53.2 2 0
github.com/zeirash/recapo/arion/mock/service/product_mock.go:56.62,61.2 4 0
github.com/zeirash/recapo/arion/mock/service/product_mock.go:64.90,67.2 2 0
github.com/zeirash/recapo/arion/mock/service/product_mock.go:70.106,73.27 3 0
github.com/zeirash/recapo/arion/mock/service/product_mock.go:73.27,75.3 1 0
github.com/zeirash/recapo/arion/mock/service/product_mock.go:76.2,79.19 4 0
github.com/zeirash/recapo/arion/mock/service/product_mock.go:83.117,87.2 3 0
github.com/zeirash/recapo/arion/mock/service/product_mock.go:90.122,96.2 5 0
github.com/zeirash/recapo/arion/mock/service/product_mock.go:99.104,102.2 2 0
github.com/zeirash/recapo/arion/mock/service/product_mock.go:105.110,111.2 5 0
github.com/zeirash/recapo/arion/mock/service/product_mock.go:114.100,117.2 2 0
github.com/zeirash/recapo/arion/mock/service/product_mock.go:120.108,126.2 5 0
github.com/zeirash/recapo/arion/mock/service/product_mock.go:129.89,132.2 2 0
github.com/zeirash/recapo/arion/mock/service/product_mock.go:135.72,140.2 4 0
github.com/zeirash/recapo/arion/mock/service/product_mock.go:143.97,146.2 2 0
github.com/zeirash/recapo/arion/mock/service/product_mock.go:149.81,155.2 5 0
github.com/zeirash/recapo/arion/mock/service/product_mock.go:158.93,161.2 2 0
github.com/zeirash/recapo/arion/mock/service/shop_mock.go:26.67,30.2 3 0
github.com/zeirash/recapo/arion/mock/service/shop_mock.go:33.65,35.2 1 0
github.com/zeirash/recapo/arion/mock/service/shop_mock.go:38.96,44.2 5 0
github.com/zeirash/recapo/arion/mock/service/shop_mock.go:47.95,50.2 2 0
github.com/zeirash/recapo/arion/mock/service/shop_mock.go:53.73,59.2 5 0
github.com/zeirash/recapo/arion/mock/service/shop_mock.go:62.91,65.2 2 0
github.com/zeirash/recapo/arion/mock/service/subscription_mock.go:27.83,31.2 3 0
github.com/zeirash/recapo/arion/mock/service/subscription_mock.go:34.81,36.2 1 0
github.com/zeirash/recapo/arion/mock/service/subscription_mock.go:39.81,45.2 5 0
github.com/zeirash/recapo/arion/mock/service/subscription_mock.go:48.78,51.2 2 0
github.com/zeirash/recapo/arion/mock/service/subscription_mock.go:54.107,60.2 5 0
github.com/zeirash/recapo/arion/mock/service/subscription_mock.go:63.105,66.2 2 0
github.com/zeirash/recapo/arion/mock/service/subscription_mock.go:69.77,74.2 4 0
github.com/zeirash/recapo/arion/mock/service/subscription_mock.go:77.105,80.2 2 0
github.com/zeirash/recapo/arion/mock/service/subscription_mock.go:83.96,89.2 5 0
github.com/zeirash/recapo/arion/mock/service/subscription_mock.go:92.98,95.2 2 0
github.com/zeirash/recapo/arion/mock/service/subscription_mock.go:98.103,103.2 4 0
github.com/zeirash/recapo/arion/mock/service/subscription_mock.go:106.104,109.2 2 0
github.com/zeirash/recapo/arion/mock/service/subscription_mock.go:112.82,118.2 5 0
github.com/zeirash/recapo/arion/mock/service/subscription_mock.go:121.102,124.2 2 0
github.com/zeirash/recapo/arion/mock/service/subscription_mock.go:127.63,132.2 4 0
github.com/zeirash/recapo/arion/mock/service/subscription_mock.go:135.83,138.2 2 0
github.com/zeirash/recapo/arion/mock/service/subscription_mock.go:141.72,146.2 4 0
github.com/zeirash/recapo/arion/mock/service/subscription_mock.go:149.100,152.2 2 0
github.com/zeirash/recapo/arion/mock/service/user_mock.go:27.67,31.2 3 0
github.com/zeirash/recapo/arion/mock/service/user_mock.go:34.65,36.2 1 0
github.com/zeirash/recapo/arion/mock/service/user_mock.go:39.79,45.2 5 0
github.com/zeirash/recapo/arion/mock/service/user_mock.go:48.85,51.2 2 0
github.com/zeirash/recapo/arion/mock/service/user_mock.go:54.67,60.2 5 0
github.com/zeirash/recapo/arion/mock/service/user_mock.go:63.64,66.2 2 0
github.com/zeirash/recapo/arion/mock/service/user_mock.go:69.93,75.2 5 0
github.com/zeirash/recapo/arion/mock/service/user_mock.go:78.92,81.2 2 0
github.com/zeirash/recapo/arion/mock/service/user_mock.go:84.96,90.2 5 0
github.com/zeirash/recapo/arion/mock/service/user_mock.go:93.83,96.2 2 0
github.com/zeirash/recapo/arion/mock/service/user_mock.go:99.93,105.2 5 0
github.com/zeirash/recapo/arion/mock/service/user_mock.go:108.92,111.2 2 0
github.com/zeirash/recapo/arion/mock/service/user_mock.go:114.102,120.2 5 0
github.com/zeirash/recapo/arion/mock/service/user_mock.go:123.101,126.2 2 0
github.com/zeirash/recapo/arion/mock/store/customer_mock.go:27.71,31.2 3 0
github.com/zeirash/recapo/arion/mock/store/customer_mock.go:34.69,36.2 1 0
github.com/zeirash/recapo/arion/mock/store/customer_mock.go:39.102,45.2 5 0
github.com/zeirash/recapo/arion/mock/store/customer_mock.go:48.89,51.2 2 0
github.com/zeirash/recapo/arion/mock/store/customer_mock.go:54.62,59.2 4 0
github.com/zeirash/recapo/arion/mock/store/customer_mock.go:62.90,65.2 2 0
github.com/zeirash/recapo/arion/mock/store/customer_mock.go:68.93,71.27 3 0
github.com/zeirash/recapo/arion/mock/store/customer_mock.go:71.27,73.3 1 0
github.com/zeirash/recapo/arion/mock/store/customer_mock.go:74.2,77.19 4 0
github.com/zeirash/recapo/arion/mock/store/customer_mock.go:81.110,85.2 3 0
github.com/zeirash/recapo/arion/mock/store/customer_mock.go:88.99,94.2 5 0
github.com/zeirash/recapo/arion/mock/store/customer_mock.go:97.101,100.2 2 0
github.com/zeirash/recapo/arion/mock/store/customer_mock.go:103.116,109.2 5 0
github.com/zeirash/recapo/arion/mock/store/customer_mock.go:112.104,115.2 2 0
github.com/zeirash/recapo/arion/mock/store/customer_mock.go:118.110,124.2 5 0
github.com/zeirash/recapo/arion/mock/store/customer_mock.go:127.93,130.2 2 0
github.com/zeirash/recapo/arion/mock/store/order_item_mock.go:28.73,32.2 3 0
github.com/zeirash/recapo/arion/mock/store/order_item_mock.go:35.71,37.2 1 0
github.com/zeirash/recapo/arion/mock/store/order_item_mock.go:40.117,46.2 5 0
github.com/zeirash/recapo/arion/mock/store/order_item_mock.go:49.113,52.2 2 0
github.com/zeirash/recapo/arion/mock/store/order_item_mock.go:55.129,61.2 5 0
github.com/zeirash/recapo/arion/mock/store/order_item_mock.go:64.121,67.2 2 0
github.com/zeirash/recapo/arion/mock/store/order_item_mock.go:70.73,75.2 4 0
github.com/zeirash/recapo/arion/mock/store/order_item_mock.go:78.101,81.2 2 0
github.com/zeirash/recapo/arion/mock/store/order_item_mock.go:84.91,89.2 4 0
github.com/zeirash/recapo/arion/mock/store/order_item_mock.go:92.107,95.2 2 0
github.com/zeirash/recapo/arion/mock/store/order_item_mock.go:98.81,104.2 5 0
github.com/zeirash/recapo/arion/mock/store/order_item_mock.go:107.89,110.2 2 0
github.com/zeirash/recapo/arion/mock/store/order_item_mock.go:113.104,119.2 5 0
github.com/zeirash/recapo/arion/mock/store/order_item_mock.go:122.112,125.2 2 0
github.com/zeirash/recapo/arion/mock/store/order_item_mock.go:128.93,134.2 5 0
github.com/zeirash/recapo/arion/mock/store/order_item_mock.go:137.100,140.2 2 0
github.com/zeirash/recapo/arion/mock/store/order_item_mock.go:143.109,149.2 5 0
github.com/zeirash/recapo/arion/mock/store/order_item_mock.go:152.112,155.2 2 0
github.com/zeirash/recapo/arion/mock/store/order_item_mock.go:158.143,164.2 5 0
github.com/zeirash/recapo/arion/mock/store/order_item_mock.go:167.112,170.2 2 0
github.com/zeirash/recapo/arion/mock/store/order_mock.go:28.65,32.2 3 0
github.com/zeirash/recapo/arion/mock/store/order_mock.go:35.63,37.2 1 0
github.com/zeirash/recapo/arion/mock/store/order_mock.go:40.132,46.2 5 0
github.com/zeirash/recapo/arion/mock/store/order_mock.go:49.119,52.2 2 0
github.com/zeirash/recapo/arion/mock/store/order_mock.go:55.132,61.2 5 0
github.com/zeirash/recapo/arion/mock/store/order_mock.go:64.121,67.2 2 0
github.com/zeirash/recapo/arion/mock/store/order_mock.go:70.72,75.2 4 0
github.com/zeirash/recapo/arion/mock/store/order_mock.go:78.88,81.2 2 0
github.com/zeirash/recapo/arion/mock/store/order_mock.go:84.99,90.2 5 0
github.com/zeirash/recapo/arion/mock/store/order_mock.go:93.111,96.2 2 0
github.com/zeirash/recapo/arion/mock/store/order_mock.go:99.84,102.27 3 0
github.com/zeirash/recapo/arion/mock/store/order_mock.go:102.27,104.3 1 0
github.com/zeirash/recapo/arion/mock/store/order_mock.go:105.2,108.19 4 0
github.com/zeirash/recapo/arion/mock/store/order_mock.go:112.104,116.2 3 0
github.com/zeirash/recapo/arion/mock/store/order_mock.go:119.110,125.2 5 0
github.com/zeirash/recapo/arion/mock/store/order_mock.go:128.96,131.2 2 0
github.com/zeirash/recapo/arion/mock/store/order_mock.go:134.92,137.27 3 0
github.com/zeirash/recapo/arion/mock/store/order_mock.go:137.27,139.3 1 0
github.com/zeirash/recapo/arion/mock/store/order_mock.go:140.2,143.19 4 0
github.com/zeirash/recapo/arion/mock/store/order_mock.go:147.108,151.2 3 0
github.com/zeirash/recapo/arion/mock/store/order_mock.go:154.118,160.2 5 0
github.com/zeirash/recapo/arion/mock/store/order_mock.go:163.100,166.2 2 0
github.com/zeirash/recapo/arion/mock/store/order_mock.go:169.114,175.2 5 0
github.com/zeirash/recapo/arion/mock/store/order_mock.go:178.91,181.2 2 0
github.com/zeirash/recapo/arion/mock/store/order_mock.go:184.102,189.2 4 0
github.com/zeirash/recapo/arion/mock/store/order_mock.go:192.111,195.2 2 0
github.com/zeirash/recapo/arion/mock/store/order_mock.go:198.103,203.2 4 0
github.com/zeirash/recapo/arion/mock/store/order_mock.go:206.119,209.2 2 0
github.com/zeirash/recapo/arion/mock/store/order_payment_mock.go:27.79,31.2 3 0
github.com/zeirash/recapo/arion/mock/store/order_payment_mock.go:34.77,36.2 1 0
github.com/zeirash/recapo/arion/mock/store/order_payment_mock.go:39.118,45.2 5 0
github.com/zeirash/recapo/arion/mock/store/order_payment_mock.go:48.111,51.2 2 0
github.com/zeirash/recapo/arion/mock/store/order_payment_mock.go:54.79,59.2 4 0
github.com/zeirash/recapo/arion/mock/store/order_payment_mock.go:62.107,65.2 2 0
github.com/zeirash/recapo/arion/mock/store/order_payment_mock.go:68.97,73.2 4 0
github.com/zeirash/recapo/arion/mock/store/order_payment_mock.go:76.113,79.2 2 0
github.com/zeirash/recapo/arion/mock/store/order_payment_mock.go:82.102,88.2 5 0
github.com/zeirash/recapo/arion/mock/store/order_payment_mock.go:91.106,94.2 2 0
github.com/zeirash/recapo/arion/mock/store/order_payment_mock.go:97.132,103.2 5 0
github.com/zeirash/recapo/arion/mock/store/order_payment_mock.go:106.125,109.2 2 0
github.com/zeirash/recapo/arion/mock/store/product_mock.go:27.69,31.2 3 0
github.com/zeirash/recapo/arion/mock/store/product_mock.go:34.67,36.2 1 0
github.com/zeirash/recapo/arion/mock/store/product_mock.go:39.157,45.2 5 0
github.com/zeirash/recapo/arion/mock/store/product_mock.go:48.139,51.2 2 0
github.com/zeirash/recapo/arion/mock/store/product_mock.go:54.67,59.2 4 0
github.com/zeirash/recapo/arion/mock/store/product_mock.go:62.95,65.2 2 0
github.com/zeirash/recapo/arion/mock/store/product_mock.go:68.97,71.27 3 0
github.com/zeirash/recapo/arion/mock/store/product_mock.go:71.27,73.3 1 0
github.com/zeirash/recapo/arion/mock/store/product_mock.go:74.2,77.19 4 0
github.com/zeirash/recapo/arion/mock/store/product_mock.go:81.115,85.2 3 0
github.com/zeirash/recapo/arion/mock/store/product_mock.go:88.113,94.2 5 0
github.com/zeirash/recapo/arion/mock/store/product_mock.go:97.102,100.2 2 0
github.com/zeirash/recapo/arion/mock/store/product_mock.go:103.103,109.2 5 0
github.com/zeirash/recapo/arion/mock/store/product_mock.go:112.104,115.2 2 0
github.com/zeirash/recapo/arion/mock/store/product_mock.go:118.113,124.2 5 0
github.com/zeirash/recapo/arion/mock/store/product_mock.go:127.98,130.2 2 0
github.com/zeirash/recapo/arion/mock/store/shop_mock.go:27.63,31.2 3 0
github.com/zeirash/recapo/arion/mock/store/shop_mock.go:34.61,36.2 1 0
github.com/zeirash/recapo/arion/mock/store/shop_mock.go:39.86,45.2 5 0
github.com/zeirash/recapo/arion/mock/store/shop_mock.go:48.84,51.2 2 0
github.com/zeirash/recapo/arion/mock/store/shop_mock.go:54.71,60.2 5 0
github.com/zeirash/recapo/arion/mock/store/shop_mock.go:63.89,66.2 2 0
github.com/zeirash/recapo/arion/mock/store/shop_mock.go:69.85,75.2 5 0
github.com/zeirash/recapo/arion/mock/store/shop_mock.go:78.95,81.2 2 0
github.com/zeirash/recapo/arion/mock/store/subscription_mock.go:28.79,32.2 3 0
github.com/zeirash/recapo/arion/mock/store/subscription_mock.go:35.77,37.2 1 0
github.com/zeirash/recapo/arion/mock/store/subscription_mock.go:40.70,46.2 5 0
github.com/zeirash/recapo/arion/mock/store/subscription_mock.go:49.81,52.2 2 0
github.com/zeirash/recapo/arion/mock/store/subscription_mock.go:55.85,60.2 4 0
github.com/zeirash/recapo/arion/mock/store/subscription_mock.go:63.101,66.2 2 0
github.com/zeirash/recapo/arion/mock/store/subscription_mock.go:69.72,75.2 5 0
github.com/zeirash/recapo/arion/mock/store/subscription_mock.go:78.76,81.2 2 0
github.com/zeirash/recapo/arion/mock/store/subscription_mock.go:84.78,90.2 5 0
github.com/zeirash/recapo/arion/mock/store/subscription_mock.go:93.91,96.2 2 0
github.com/zeirash/recapo/arion/mock/store/subscription_mock.go:99.98,105.2 5 0
github.com/zeirash/recapo/arion/mock/store/subscription_mock.go:108.103,111.2 2 0
github.com/zeirash/recapo/arion/mock/store/subscription_mock.go:114.145,120.2 5 0
github.com/zeirash/recapo/arion/mock/store/subscription_mock.go:123.128,126.2 2 0
github.com/zeirash/recapo/arion/mock/store/subscription_mock.go:129.128,134.2 4 0
github.com/zeirash/recapo/arion/mock/store/subscription_mock.go:137.126,140.2 2 0
github.com/zeirash/recapo/arion/mock/store/subscription_mock.go:143.162,149.2 5 0
github.com/zeirash/recapo/arion/mock/store/subscription_mock.go:152.149,155.2 2 0
github.com/zeirash/recapo/arion/mock/store/subscription_mock.go:158.101,164.2 5 0
github.com/zeirash/recapo/arion/mock/store/subscription_mock.go:167.108,170.2 2 0
github.com/zeirash/recapo/arion/mock/store/subscription_mock.go:173.131,178.2 4 0
github.com/zeirash/recapo/arion/mock/store/subscription_mock.go:181.130,184.2 2 0
github.com/zeirash/recapo/arion/mock/store/subscription_mock.go:187.105,192.2 4 0
github.com/zeirash/recapo/arion/mock/store/subscription_mock.go:195.114,198.2 2 0
github.com/zeirash/recapo/arion/mock/store/subscription_mock.go:201.107,206.2 4 0
github.com/zeirash/recapo/arion/mock/store/subscription_mock.go:209.128,212.2 2 0
github.com/zeirash/recapo/arion/mock/store/token_mock.go:26.65,30.2 3 0
github.com/zeirash/recapo/arion/mock/store/token_mock.go:33.63,35.2 1 0
github.com/zeirash/recapo/arion/mock/store/token_mock.go:38.105,44.2 5 0
github.com/zeirash/recapo/arion/mock/store/token_mock.go:47.104,50.2 2 0
github.com/zeirash/recapo/arion/mock/store/token_mock.go:53.106,59.2 5 0
github.com/zeirash/recapo/arion/mock/store/token_mock.go:62.105,65.2 2 0
github.com/zeirash/recapo/arion/mock/store/token_mock.go:68.101,74.2 5 0
github.com/zeirash/recapo/arion/mock/store/token_mock.go:77.107,80.2 2 0
github.com/zeirash/recapo/arion/mock/store/token_mock.go:83.82,89.2 5 0
github.com/zeirash/recapo/arion/mock/store/token_mock.go:92.99,95.2 2 0
github.com/zeirash/recapo/arion/mock/store/user_mock.go:28.63,32.2 3 0
github.com/zeirash/recapo/arion/mock/store/user_mock.go:35.61,37.2 1 0
github.com/zeirash/recapo/arion/mock/store/user_mock.go:40.126,46.2 5 0
github.com/zeirash/recapo/arion/mock/store/user_mock.go:49.120,52.2 2 0
github.com/zeirash/recapo/arion/mock/store/user_mock.go:55.75,61.2 5 0
github.com/zeirash/recapo/arion/mock/store/user_mock.go:64.85,67.2 2 0
github.com/zeirash/recapo/arion/mock/store/user_mock.go:70.70,76.2 5 0
github.com/zeirash/recapo/arion/mock/store/user_mock.go:79.83,82.2 2 0
github.com/zeirash/recapo/arion/mock/store/user_mock.go:85.74,91.2 5 0
github.com/zeirash/recapo/arion/mock/store/user_mock.go:94.87,97.2 2 0
github.com/zeirash/recapo/arion/mock/store/user_mock.go:100.58,106.2 5 0
github.com/zeirash/recapo/arion/mock/store/user_mock.go:109.62,112.2 2 0
github.com/zeirash/recapo/arion/mock/store/user_mock.go:115.55,120.2 4 0
github.com/zeirash/recapo/arion/mock/store/user_mock.go:123.81,126.2 2 0
github.com/zeirash/recapo/arion/mock/store/user_mock.go:129.42,134.2 4 0
github.com/zeirash/recapo/arion/mock/store/user_mock.go:137.59,140.2 2 0
github.com/zeirash/recapo/arion/mock/store/user_mock.go:143.94,149.2 5 0
github.com/zeirash/recapo/arion/mock/store/user_mock.go:152.85,155.2 2 0
github.com/zeirash/recapo/arion/handler/authentication.go:43.59,45.48 2 1
github.com/zeirash/recapo/arion/handler/authentication.go:45.48,49.3 3 1
github.com/zeirash/recapo/arion/handler/authentication.go:51.2,51.46 1 1
github.com/zeirash/recapo/arion/handler/authentication.go:51.46,54.3 2 1
github.com/zeirash/recapo/arion/handler/authentication.go:56.2,57.16 2 1
github.com/zeirash/recapo/arion/handler/authentication.go:57.16,59.49 2 1
github.com/zeirash/recapo/arion/handler/authentication.go:59.49,61.4 1 1
github.com/zeirash/recapo/arion/handler/authentication.go:63.3,64.9 2 1
github.com/zeirash/recapo/arion/handler/authentication.go:67.2,67.34 1 1
github.com/zeirash/recapo/arion/handler/authentication.go:83.62,85.48 2 1
github.com/zeirash/recapo/arion/handler/authentication.go:85.48,88.3 2 1
github.com/zeirash/recapo/arion/handler/authentication.go:90.2,90.49 1 1
github.com/zeirash/recapo/arion/handler/authentication.go:90.49,93.3 2 1
github.com/zeirash/recapo/arion/handler/authentication.go:95.2,96.16 2 1
github.com/zeirash/recapo/arion/handler/authentication.go:96.16,100.3 3 1
github.com/zeirash/recapo/arion/handler/authentication.go:102.2,102.34 1 1
github.com/zeirash/recapo/arion/handler/authentication.go:118.61,120.48 2 1
github.com/zeirash/recapo/arion/handler/authentication.go:120.48,123.3 2 1
github.com/zeirash/recapo/arion/handler/authentication.go:125.2,125.28 1 1
github.com/zeirash/recapo/arion/handler/authentication.go:125.28,128.3 2 1
github.com/zeirash/recapo/arion/handler/authentication.go:130.2,131.16 2 1
github.com/zeirash/recapo/arion/handler/authentication.go:131.16,134.3 2 1
github.com/zeirash/recapo/arion/handler/authentication.go:136.2,136.34 1 1
github.com/zeirash/recapo/arion/handler/authentication.go:139.54,140.23 1 1
github.com/zeirash/recapo/arion/handler/authentication.go:140.23,142.3 1 1
github.com/zeirash/recapo/arion/handler/authentication.go:144.2,144.26 1 1
github.com/zeirash/recapo/arion/handler/authentication.go:144.26,146.3 1 1
github.com/zeirash/recapo/arion/handler/authentication.go:148.2,148.18 1 1
github.com/zeirash/recapo/arion/handler/authentication.go:151.60,152.22 1 1
github.com/zeirash/recapo/arion/handler/authentication.go:152.22,154.3 1 1
github.com/zeirash/recapo/arion/handler/authentication.go:156.2,156.23 1 1
github.com/zeirash/recapo/arion/handler/authentication.go:156.23,158.3 1 1
github.com/zeirash/recapo/arion/handler/authentication.go:160.2,161.16 2 1
github.com/zeirash/recapo/arion/handler/authentication.go:161.16,163.3 1 1
github.com/zeirash/recapo/arion/handler/authentication.go:165.2,165.26 1 1
github.com/zeirash/recapo/arion/handler/authentication.go:165.26,167.3 1 1
github.com/zeirash/recapo/arion/handler/authentication.go:169.2,169.18 1 1
github.com/zeirash/recapo/arion/handler/customer.go:50.68,55.48 4 1
github.com/zeirash/recapo/arion/handler/customer.go:55.48,58.3 2 1
github.com/zeirash/recapo/arion/handler/customer.go:60.2,60.55 1 1
github.com/zeirash/recapo/arion/handler/customer.go:60.55,63.3 2 1
github.com/zeirash/recapo/arion/handler/customer.go:65.2,66.16 2 1
github.com/zeirash/recapo/arion/handler/customer.go:66.16,70.3 3 1
github.com/zeirash/recapo/arion/handler/customer.go:72.2,72.34 1 1
github.com/zeirash/recapo/arion/handler/customer.go:90.65,95.54 4 1
github.com/zeirash/recapo/arion/handler/customer.go:95.54,98.3 2 1
github.com/zeirash/recapo/arion/handler/customer.go:100.2,103.16 3 1
github.com/zeirash/recapo/arion/handler/customer.go:103.16,104.48 1 1
github.com/zeirash/recapo/arion/handler/customer.go:104.48,107.4 2 1
github.com/zeirash/recapo/arion/handler/customer.go:108.3,110.9 3 1
github.com/zeirash/recapo/arion/handler/customer.go:113.2,113.34 1 1
github.com/zeirash/recapo/arion/handler/customer.go:130.66,135.47 4 1
github.com/zeirash/recapo/arion/handler/customer.go:135.47,137.3 1 1
github.com/zeirash/recapo/arion/handler/customer.go:138.2,138.51 1 1
github.com/zeirash/recapo/arion/handler/customer.go:138.51,140.3 1 1
github.com/zeirash/recapo/arion/handler/customer.go:142.2,143.16 2 1
github.com/zeirash/recapo/arion/handler/customer.go:143.16,147.3 3 1
github.com/zeirash/recapo/arion/handler/customer.go:149.2,149.34 1 1
github.com/zeirash/recapo/arion/handler/customer.go:167.68,169.54 2 1
github.com/zeirash/recapo/arion/handler/customer.go:169.54,172.3 2 1
github.com/zeirash/recapo/arion/handler/customer.go:174.2,177.48 3 1
github.com/zeirash/recapo/arion/handler/customer.go:177.48,180.3 2 1
github.com/zeirash/recapo/arion/handler/customer.go:182.2,188.16 2 1
github.com/zeirash/recapo/arion/handler/customer.go:188.16,192.3 3 1
github.com/zeirash/recapo/arion/handler/customer.go:194.2,194.34 1 1
github.com/zeirash/recapo/arion/handler/customer.go:211.68,213.54 2 1
github.com/zeirash/recapo/arion/handler/customer.go:213.54,216.3 2 1
github.com/zeirash/recapo/arion/handler/customer.go:218.2,221.16 3 1
github.com/zeirash/recapo/arion/handler/customer.go:221.16,225.3 3 1
github.com/zeirash/recapo/arion/handler/customer.go:227.2,227.35 1 1
github.com/zeirash/recapo/arion/handler/customer.go:243.78,248.48 4 1
github.com/zeirash/recapo/arion/handler/customer.go:248.48,251.3 2 1
github.com/zeirash/recapo/arion/handler/customer.go:253.2,253.57 1 1
github.com/zeirash/recapo/arion/handler/customer.go:253.57,256.3 2 1
github.com/zeirash/recapo/arion/handler/customer.go:258.2,259.16 2 1
github.com/zeirash/recapo/arion/handler/customer.go:259.16,263.3 3 1
github.com/zeirash/recapo/arion/handler/customer.go:265.2,265.34 1 1
github.com/zeirash/recapo/arion/handler/customer.go:268.70,269.20 1 1
github.com/zeirash/recapo/arion/handler/customer.go:269.20,271.3 1 1
github.com/zeirash/recapo/arion/handler/customer.go:273.2,273.21 1 1
github.com/zeirash/recapo/arion/handler/customer.go:273.21,275.3 1 1
github.com/zeirash/recapo/arion/handler/customer.go:277.2,277.23 1 1
github.com/zeirash/recapo/arion/handler/customer.go:277.23,279.3 1 1
github.com/zeirash/recapo/arion/handler/customer.go:281.2,281.18 1 1
github.com/zeirash/recapo/arion/handler/customer.go:284.65,285.33 1 1
github.com/zeirash/recapo/arion/handler/customer.go:285.33,287.3 1 1
github.com/zeirash/recapo/arion/handler/customer.go:289.2,289.18 1 1
github.com/zeirash/recapo/arion/handler/customer.go:292.74,293.21 1 1
github.com/zeirash/recapo/arion/handler/customer.go:293.21,295.3 1 1
github.com/zeirash/recapo/arion/handler/customer.go:297.2,297.20 1 1
github.com/zeirash/recapo/arion/handler/customer.go:297.20,299.3 1 1
github.com/zeirash/recapo/arion/handler/customer.go:301.2,301.18 1 1
github.com/zeirash/recapo/arion/handler/handler.go:40.13,41.24 1 0
github.com/zeirash/recapo/arion/handler/handler.go:41.24,43.3 1 0
github.com/zeirash/recapo/arion/handler/handler.go:45.2,45.28 1 0
github.com/zeirash/recapo/arion/handler/handler.go:45.28,47.3 1 0
github.com/zeirash/recapo/arion/handler/handler.go:49.2,49.27 1 0
github.com/zeirash/recapo/arion/handler/handler.go:49.27,51.3 1 0
github.com/zeirash/recapo/arion/handler/handler.go:53.2,53.25 1 0
github.com/zeirash/recapo/arion/handler/handler.go:53.25,55.3 1 0
github.com/zeirash/recapo/arion/handler/handler.go:57.2,57.24 1 0
github.com/zeirash/recapo/arion/handler/handler.go:57.24,59.3 1 0
github.com/zeirash/recapo/arion/handler/handler.go:61.2,61.32 1 0
github.com/zeirash/recapo/arion/handler/handler.go:61.32,63.3 1 0
github.com/zeirash/recapo/arion/handler/handler.go:67.60,69.2 1 1
github.com/zeirash/recapo/arion/handler/handler.go:72.59,74.2 1 1
github.com/zeirash/recapo/arion/handler/handler.go:77.50,79.2 1 1
github.com/zeirash/recapo/arion/handler/handler.go:82.52,84.2 1 1
github.com/zeirash/recapo/arion/handler/handler.go:87.44,89.2 1 1
github.com/zeirash/recapo/arion/handler/handler.go:92.46,94.2 1 1
github.com/zeirash/recapo/arion/handler/handler.go:97.44,99.2 1 1
github.com/zeirash/recapo/arion/handler/handler.go:102.43,104.2 1 1
github.com/zeirash/recapo/arion/handler/handler.go:107.51,109.2 1 1
github.com/zeirash/recapo/arion/handler/handler.go:112.49,114.2 1 1
github.com/zeirash/recapo/arion/handler/handler.go:117.45,119.2 1 1
github.com/zeirash/recapo/arion/handler/handler.go:122.43,124.2 1 1
github.com/zeirash/recapo/arion/handler/handler.go:126.69,136.16 5 1
github.com/zeirash/recapo/arion/handler/handler.go:136.16,139.3 2 0
github.com/zeirash/recapo/arion/handler/handler.go:140.2,140.19 1 1
github.com/zeirash/recapo/arion/handler/handler.go:146.97,149.33 2 1
github.com/zeirash/recapo/arion/handler/handler.go:149.33,151.3 1 1
github.com/zeirash/recapo/arion/handler/handler.go:153.2,156.16 3 1
github.com/zeirash/recapo/arion/handler/handler.go:156.16,159.3 2 1
github.com/zeirash/recapo/arion/handler/handler.go:161.2,169.23 3 1
github.com/zeirash/recapo/arion/handler/handler.go:169.23,172.3 2 0
github.com/zeirash/recapo/arion/handler/handler.go:173.2,173.19 1 1
github.com/zeirash/recapo/arion/handler/handler.go:176.63,179.2 2 1
github.com/zeirash/recapo/arion/handler/health.go:9.60,15.2 2 0
github.com/zeirash/recapo/arion/handler/order.go:69.65,74.48 4 1
github.com/zeirash/recapo/arion/handler/order.go:74.48,77.3 2 1
github.com/zeirash/recapo/arion/handler/order.go:79.2,79.52 1 1
github.com/zeirash/recapo/arion/handler/order.go:79.52,82.3 2 1
github.com/zeirash/recapo/arion/handler/order.go:84.2,85.16 2 1
github.com/zeirash/recapo/arion/handler/order.go:85.16,86.49 1 1
github.com/zeirash/recapo/arion/handler/order.go:86.49,89.4 2 1
github.com/zeirash/recapo/arion/handler/order.go:90.3,92.9 3 1
github.com/zeirash/recapo/arion/handler/order.go:95.2,95.34 1 1
github.com/zeirash/recapo/arion/handler/order.go:113.62,118.51 4 1
github.com/zeirash/recapo/arion/handler/order.go:118.51,121.3 2 1
github.com/zeirash/recapo/arion/handler/order.go:123.2,126.16 3 1
github.com/zeirash/recapo/arion/handler/order.go:126.16,127.45 1 1
github.com/zeirash/recapo/arion/handler/order.go:127.45,130.4 2 1
github.com/zeirash/recapo/arion/handler/order.go:131.3,133.9 3 1
github.com/zeirash/recapo/arion/handler/order.go:136.2,136.34 1 1
github.com/zeirash/recapo/arion/handler/order.go:159.65,164.51 4 1
github.com/zeirash/recapo/arion/handler/order.go:164.51,167.3 2 1
github.com/zeirash/recapo/arion/handler/order.go:169.2,172.43 3 1
github.com/zeirash/recapo/arion/handler/order.go:172.43,173.49 1 1
github.com/zeirash/recapo/arion/handler/order.go:173.49,176.4 2 1
github.com/zeirash/recapo/arion/handler/order.go:179.2,180.16 2 1
github.com/zeirash/recapo/arion/handler/order.go:180.16,181.45 1 1
github.com/zeirash/recapo/arion/handler/order.go:181.45,184.4 2 1
github.com/zeirash/recapo/arion/handler/order.go:185.3,187.9 3 1
github.com/zeirash/recapo/arion/handler/order.go:190.2,195.19 6 1
github.com/zeirash/recapo/arion/handler/order.go:216.63,221.80 4 1
github.com/zeirash/recapo/arion/handler/order.go:221.80,224.3 2 1
github.com/zeirash/recapo/arion/handler/order.go:225.2,225.57 1 1
github.com/zeirash/recapo/arion/handler/order.go:225.57,227.3 1 1
github.com/zeirash/recapo/arion/handler/order.go:228.2,228.47 1 1
github.com/zeirash/recapo/arion/handler/order.go:228.47,230.3 1 1
github.com/zeirash/recapo/arion/handler/order.go:231.2,231.52 1 1
github.com/zeirash/recapo/arion/handler/order.go:231.52,232.42 1 1
github.com/zeirash/recapo/arion/handler/order.go:232.42,234.4 1 1
github.com/zeirash/recapo/arion/handler/order.go:236.2,236.50 1 1
github.com/zeirash/recapo/arion/handler/order.go:236.50,237.42 1 1
github.com/zeirash/recapo/arion/handler/order.go:237.42,240.4 2 1
github.com/zeirash/recapo/arion/handler/order.go:242.2,242.51 1 1
github.com/zeirash/recapo/arion/handler/order.go:242.51,244.3 1 1
github.com/zeirash/recapo/arion/handler/order.go:246.2,247.16 2 1
github.com/zeirash/recapo/arion/handler/order.go:247.16,251.3 3 1
github.com/zeirash/recapo/arion/handler/order.go:253.2,253.34 1 1
github.com/zeirash/recapo/arion/handler/order.go:271.65,273.51 2 1
github.com/zeirash/recapo/arion/handler/order.go:273.51,276.3 2 1
github.com/zeirash/recapo/arion/handler/order.go:278.2,281.48 3 1
github.com/zeirash/recapo/arion/handler/order.go:281.48,284.3 2 1
github.com/zeirash/recapo/arion/handler/order.go:286.2,293.16 2 1
github.com/zeirash/recapo/arion/handler/order.go:293.16,297.3 3 1
github.com/zeirash/recapo/arion/handler/order.go:299.2,299.34 1 1
github.com/zeirash/recapo/arion/handler/order.go:316.65,318.51 2 1
github.com/zeirash/recapo/arion/handler/order.go:318.51,321.3 2 1
github.com/zeirash/recapo/arion/handler/order.go:323.2,326.16 3 1
github.com/zeirash/recapo/arion/handler/order.go:326.16,330.3 3 1
github.com/zeirash/recapo/arion/handler/order.go:332.2,332.35 1 1
github.com/zeirash/recapo/arion/handler/order.go:350.68,355.48 4 1
github.com/zeirash/recapo/arion/handler/order.go:355.48,358.3 2 1
github.com/zeirash/recapo/arion/handler/order.go:360.2,360.55 1 1
github.com/zeirash/recapo/arion/handler/order.go:360.55,363.3 2 1
github.com/zeirash/recapo/arion/handler/order.go:365.2,366.16 2 1
github.com/zeirash/recapo/arion/handler/order.go:366.16,367.45 1 1
github.com/zeirash/recapo/arion/handler/order.go:367.45,370.4 2 1
github.com/zeirash/recapo/arion/handler/order.go:371.3,373.9 3 1
github.com/zeirash/recapo/arion/handler/order.go:376.2,376.34 1 1
github.com/zeirash/recapo/arion/handler/order.go:394.69,396.51 2 1
github.com/zeirash/recapo/arion/handler/order.go:396.51,399.3 2 1
github.com/zeirash/recapo/arion/handler/order.go:401.2,402.48 2 1
github.com/zeirash/recapo/arion/handler/order.go:402.48,405.3 2 1
github.com/zeirash/recapo/arion/handler/order.go:407.2,407.56 1 1
github.com/zeirash/recapo/arion/handler/order.go:407.56,410.3 2 1
github.com/zeirash/recapo/arion/handler/order.go:412.2,415.16 3 1
github.com/zeirash/recapo/arion/handler/order.go:415.16,419.3 3 1
github.com/zeirash/recapo/arion/handler/order.go:421.2,421.34 1 1
github.com/zeirash/recapo/arion/handler/order.go:440.69,442.51 2 1
github.com/zeirash/recapo/arion/handler/order.go:442.51,445.3 2 1
github.com/zeirash/recapo/arion/handler/order.go:447.2,447.55 1 1
github.com/zeirash/recapo/arion/handler/order.go:447.55,450.3 2 1
github.com/zeirash/recapo/arion/handler/order.go:452.2,453.48 2 1
github.com/zeirash/recapo/arion/handler/order.go:453.48,456.3 2 1
github.com/zeirash/recapo/arion/handler/order.go:458.2,467.16 4 1
github.com/zeirash/recapo/arion/handler/order.go:467.16,471.3 3 1
github.com/zeirash/recapo/arion/handler/order.go:473.2,473.34 1 1
github.com/zeirash/recapo/arion/handler/order.go:491.69,493.51 2 1
github.com/zeirash/recapo/arion/handler/order.go:493.51,496.3 2 1
github.com/zeirash/recapo/arion/handler/order.go:498.2,498.55 1 1
github.com/zeirash/recapo/arion/handler/order.go:498.55,501.3 2 1
github.com/zeirash/recapo/arion/handler/order.go:503.2,507.16 4 1
github.com/zeirash/recapo/arion/handler/order.go:507.16,511.3 3 1
github.com/zeirash/recapo/arion/handler/order.go:513.2,513.35 1 1
github.com/zeirash/recapo/arion/handler/order.go:531.66,534.51 2 1
github.com/zeirash/recapo/arion/handler/order.go:534.51,537.3 2 1
github.com/zeirash/recapo/arion/handler/order.go:539.2,539.55 1 1
github.com/zeirash/recapo/arion/handler/order.go:539.55,542.3 2 1
github.com/zeirash/recapo/arion/handler/order.go:544.2,548.16 4 1
github.com/zeirash/recapo/arion/handler/order.go:548.16,552.3 3 1
github.com/zeirash/recapo/arion/handler/order.go:554.2,554.34 1 1
github.com/zeirash/recapo/arion/handler/order.go:571.67,574.51 2 1
github.com/zeirash/recapo/arion/handler/order.go:574.51,577.3 2 1
github.com/zeirash/recapo/arion/handler/order.go:579.2,582.16 3 1
github.com/zeirash/recapo/arion/handler/order.go:582.16,586.3 3 1
github.com/zeirash/recapo/arion/handler/order.go:588.2,588.34 1 1
github.com/zeirash/recapo/arion/handler/order.go:608.67,613.80 4 1
github.com/zeirash/recapo/arion/handler/order.go:613.80,616.3 2 1
github.com/zeirash/recapo/arion/handler/order.go:617.2,617.47 1 1
github.com/zeirash/recapo/arion/handler/order.go:617.47,619.3 1 1
github.com/zeirash/recapo/arion/handler/order.go:620.2,620.52 1 1
github.com/zeirash/recapo/arion/handler/order.go:620.52,621.42 1 1
github.com/zeirash/recapo/arion/handler/order.go:621.42,623.4 1 1
github.com/zeirash/recapo/arion/handler/order.go:625.2,625.50 1 1
github.com/zeirash/recapo/arion/handler/order.go:625.50,626.42 1 1
github.com/zeirash/recapo/arion/handler/order.go:626.42,629.4 2 1
github.com/zeirash/recapo/arion/handler/order.go:631.2,631.51 1 1
github.com/zeirash/recapo/arion/handler/order.go:631.51,633.3 1 1
github.com/zeirash/recapo/arion/handler/order.go:635.2,636.16 2 1
github.com/zeirash/recapo/arion/handler/order.go:636.16,640.3 3 1
github.com/zeirash/recapo/arion/handler/order.go:642.2,642.34 1 1
github.com/zeirash/recapo/arion/handler/order.go:660.66,665.55 4 1
github.com/zeirash/recapo/arion/handler/order.go:665.55,668.3 2 1
github.com/zeirash/recapo/arion/handler/order.go:670.2,673.16 3 1
github.com/zeirash/recapo/arion/handler/order.go:673.16,674.49 1 1
github.com/zeirash/recapo/arion/handler/order.go:674.49,677.4 2 1
github.com/zeirash/recapo/arion/handler/order.go:678.3,680.9 3 1
github.com/zeirash/recapo/arion/handler/order.go:683.2,683.34 1 1
github.com/zeirash/recapo/arion/handler/order.go:700.69,702.55 2 1
github.com/zeirash/recapo/arion/handler/order.go:702.55,705.3 2 1
github.com/zeirash/recapo/arion/handler/order.go:707.2,710.16 3 1
github.com/zeirash/recapo/arion/handler/order.go:710.16,714.3 3 1
github.com/zeirash/recapo/arion/handler/order.go:716.2,716.34 1 1
github.com/zeirash/recapo/arion/handler/order.go:734.72,736.51 2 1
github.com/zeirash/recapo/arion/handler/order.go:736.51,739.3 2 1
github.com/zeirash/recapo/arion/handler/order.go:741.2,742.48 2 1
github.com/zeirash/recapo/arion/handler/order.go:742.48,745.3 2 1
github.com/zeirash/recapo/arion/handler/order.go:747.2,750.16 3 1
github.com/zeirash/recapo/arion/handler/order.go:750.16,754.3 3 1
github.com/zeirash/recapo/arion/handler/order.go:756.2,756.34 1 1
github.com/zeirash/recapo/arion/handler/order.go:774.78,776.51 2 1
github.com/zeirash/recapo/arion/handler/order.go:776.51,779.3 2 1
github.com/zeirash/recapo/arion/handler/order.go:781.2,781.58 1 1
github.com/zeirash/recapo/arion/handler/order.go:781.58,784.3 2 1
github.com/zeirash/recapo/arion/handler/order.go:786.2,787.48 2 1
github.com/zeirash/recapo/arion/handler/order.go:787.48,790.3 2 1
github.com/zeirash/recapo/arion/handler/order.go:792.2,796.16 4 1
github.com/zeirash/recapo/arion/handler/order.go:796.16,800.3 3 1
github.com/zeirash/recapo/arion/handler/order.go:802.2,802.34 1 1
github.com/zeirash/recapo/arion/handler/order.go:819.70,821.51 2 1
github.com/zeirash/recapo/arion/handler/order.go:821.51,824.3 2 1
github.com/zeirash/recapo/arion/handler/order.go:826.2,829.16 3 1
github.com/zeirash/recapo/arion/handler/order.go:829.16,833.3 3 1
github.com/zeirash/recapo/arion/handler/order.go:835.2,835.34 1 1
github.com/zeirash/recapo/arion/handler/order.go:853.72,855.51 2 1
github.com/zeirash/recapo/arion/handler/order.go:855.51,858.3 2 1
github.com/zeirash/recapo/arion/handler/order.go:860.2,860.58 1 1
github.com/zeirash/recapo/arion/handler/order.go:860.58,863.3 2 1
github.com/zeirash/recapo/arion/handler/order.go:865.2,869.16 4 1
github.com/zeirash/recapo/arion/handler/order.go:869.16,873.3 3 1
github.com/zeirash/recapo/arion/handler/order.go:875.2,875.35 1 1
github.com/zeirash/recapo/arion/handler/order.go:878.72,879.24 1 1
github.com/zeirash/recapo/arion/handler/order.go:879.24,881.3 1 1
github.com/zeirash/recapo/arion/handler/order.go:883.2,883.18 1 1
github.com/zeirash/recapo/arion/handler/order.go:883.18,885.3 1 1
github.com/zeirash/recapo/arion/handler/order.go:887.2,887.18 1 1
github.com/zeirash/recapo/arion/handler/order.go:890.64,891.25 1 1
github.com/zeirash/recapo/arion/handler/order.go:891.25,893.3 1 1
github.com/zeirash/recapo/arion/handler/order.go:895.2,895.18 1 1
github.com/zeirash/recapo/arion/handler/order.go:898.62,899.30 1 1
github.com/zeirash/recapo/arion/handler/order.go:899.30,901.3 1 1
github.com/zeirash/recapo/arion/handler/order.go:903.2,903.18 1 1
github.com/zeirash/recapo/arion/handler/order.go:906.66,907.29 1 1
github.com/zeirash/recapo/arion/handler/order.go:907.29,909.3 1 1
github.com/zeirash/recapo/arion/handler/order.go:911.2,911.18 1 1
github.com/zeirash/recapo/arion/handler/order.go:914.69,915.32 1 1
github.com/zeirash/recapo/arion/handler/order.go:915.32,917.3 1 1
github.com/zeirash/recapo/arion/handler/order.go:919.2,919.18 1 1
github.com/zeirash/recapo/arion/handler/order.go:922.66,923.35 1 1
github.com/zeirash/recapo/arion/handler/order.go:923.35,925.3 1 1
github.com/zeirash/recapo/arion/handler/order.go:927.2,927.18 1 1
github.com/zeirash/recapo/arion/handler/order.go:930.66,931.26 1 1
github.com/zeirash/recapo/arion/handler/order.go:931.26,933.3 1 1
github.com/zeirash/recapo/arion/handler/order.go:935.2,935.25 1 1
github.com/zeirash/recapo/arion/handler/order.go:935.25,937.3 1 1
github.com/zeirash/recapo/arion/handler/order.go:939.2,939.18 1 1
github.com/zeirash/recapo/arion/handler/order.go:943.45,945.2 1 1
github.com/zeirash/recapo/arion/handler/product.go:54.67,59.48 4 1
github.com/zeirash/recapo/arion/handler/product.go:59.48,62.3 2 1
github.com/zeirash/recapo/arion/handler/product.go:64.2,64.54 1 1
github.com/zeirash/recapo/arion/handler/product.go:64.54,67.3 2 1
github.com/zeirash/recapo/arion/handler/product.go:69.2,70.16 2 1
github.com/zeirash/recapo/arion/handler/product.go:70.16,74.3 3 1
github.com/zeirash/recapo/arion/handler/product.go:76.2,76.34 1 1
github.com/zeirash/recapo/arion/handler/product.go:94.64,99.53 4 1
github.com/zeirash/recapo/arion/handler/product.go:99.53,102.3 2 1
github.com/zeirash/recapo/arion/handler/product.go:104.2,108.16 4 1
github.com/zeirash/recapo/arion/handler/product.go:108.16,109.47 1 1
github.com/zeirash/recapo/arion/handler/product.go:109.47,112.4 2 1
github.com/zeirash/recapo/arion/handler/product.go:113.3,115.9 3 1
github.com/zeirash/recapo/arion/handler/product.go:118.2,118.34 1 1
github.com/zeirash/recapo/arion/handler/product.go:135.65,140.47 4 1
github.com/zeirash/recapo/arion/handler/product.go:140.47,142.3 1 1
github.com/zeirash/recapo/arion/handler/product.go:143.2,143.51 1 1
github.com/zeirash/recapo/arion/handler/product.go:143.51,145.3 1 1
github.com/zeirash/recapo/arion/handler/product.go:147.2,148.16 2 1
github.com/zeirash/recapo/arion/handler/product.go:148.16,152.3 3 1
github.com/zeirash/recapo/arion/handler/product.go:154.2,154.34 1 1
github.com/zeirash/recapo/arion/handler/product.go:172.67,174.53 2 1
github.com/zeirash/recapo/arion/handler/product.go:174.53,177.3 2 1
github.com/zeirash/recapo/arion/handler/product.go:179.2,183.48 4 1
github.com/zeirash/recapo/arion/handler/product.go:183.48,186.3 2 1
github.com/zeirash/recapo/arion/handler/product.go:188.2,196.16 2 1
github.com/zeirash/recapo/arion/handler/product.go:196.16,200.3 3 1
github.com/zeirash/recapo/arion/handler/product.go:202.2,202.34 1 1
github.com/zeirash/recapo/arion/handler/product.go:219.67,221.53 2 1
github.com/zeirash/recapo/arion/handler/product.go:221.53,224.3 2 1
github.com/zeirash/recapo/arion/handler/product.go:226.2,230.16 4 1
github.com/zeirash/recapo/arion/handler/product.go:230.16,234.3 3 1
github.com/zeirash/recapo/arion/handler/product.go:236.2,236.35 1 1
github.com/zeirash/recapo/arion/handler/product.go:251.73,256.16 4 1
github.com/zeirash/recapo/arion/handler/product.go:256.16,260.3 3 1
github.com/zeirash/recapo/arion/handler/product.go:262.2,262.34 1 1
github.com/zeirash/recapo/arion/handler/product.go:279.72,280.54 1 1
github.com/zeirash/recapo/arion/handler/product.go:280.54,283.3 2 0
github.com/zeirash/recapo/arion/handler/product.go:285.2,286.16 2 1
github.com/zeirash/recapo/arion/handler/product.go:286.16,289.3 2 1
github.com/zeirash/recapo/arion/handler/product.go:290.2,293.16 3 1
github.com/zeirash/recapo/arion/handler/product.go:293.16,294.52 1 1
github.com/zeirash/recapo/arion/handler/product.go:294.52,297.4 2 1
github.com/zeirash/recapo/arion/handler/product.go:298.3,300.9 3 1
github.com/zeirash/recapo/arion/handler/product.go:303.2,303.75 1 1
github.com/zeirash/recapo/arion/handler/product.go:321.72,323.48 2 1
github.com/zeirash/recapo/arion/handler/product.go:323.48,326.3 2 1
github.com/zeirash/recapo/arion/handler/product.go:328.2,328.24 1 1
github.com/zeirash/recapo/arion/handler/product.go:328.24,331.3 2 1
github.com/zeirash/recapo/arion/handler/product.go:333.2,333.72 1 1
github.com/zeirash/recapo/arion/handler/product.go:333.72,334.45 1 1
github.com/zeirash/recapo/arion/handler/product.go:334.45,337.4 2 1
github.com/zeirash/recapo/arion/handler/product.go:338.3,338.47 1 1
github.com/zeirash/recapo/arion/handler/product.go:338.47,341.4 2 1
github.com/zeirash/recapo/arion/handler/product.go:342.3,344.9 3 1
github.com/zeirash/recapo/arion/handler/product.go:347.2,347.35 1 1
github.com/zeirash/recapo/arion/handler/product.go:350.68,351.20 1 1
github.com/zeirash/recapo/arion/handler/product.go:351.20,353.3 1 1
github.com/zeirash/recapo/arion/handler/product.go:355.2,355.19 1 1
github.com/zeirash/recapo/arion/handler/product.go:355.19,357.3 1 1
github.com/zeirash/recapo/arion/handler/product.go:359.2,359.18 1 1
github.com/zeirash/recapo/arion/handler/product.go:362.64,363.32 1 1
github.com/zeirash/recapo/arion/handler/product.go:363.32,365.3 1 1
github.com/zeirash/recapo/arion/handler/product.go:367.2,367.18 1 1
github.com/zeirash/recapo/arion/handler/shop.go:39.71,43.16 4 1
github.com/zeirash/recapo/arion/handler/shop.go:43.16,44.44 1 1
github.com/zeirash/recapo/arion/handler/shop.go:44.44,47.4 2 1
github.com/zeirash/recapo/arion/handler/shop.go:48.3,50.9 3 1
github.com/zeirash/recapo/arion/handler/shop.go:53.2,53.70 1 1
github.com/zeirash/recapo/arion/handler/shop.go:69.69,73.22 3 1
github.com/zeirash/recapo/arion/handler/shop.go:73.22,76.3 2 1
github.com/zeirash/recapo/arion/handler/shop.go:78.2,79.16 2 1
github.com/zeirash/recapo/arion/handler/shop.go:79.16,80.44 1 1
github.com/zeirash/recapo/arion/handler/shop.go:80.44,83.4 2 1
github.com/zeirash/recapo/arion/handler/shop.go:84.3,86.9 3 1
github.com/zeirash/recapo/arion/handler/shop.go:89.2,89.39 1 1
github.com/zeirash/recapo/arion/handler/shop.go:106.73,110.22 3 1
github.com/zeirash/recapo/arion/handler/shop.go:110.22,113.3 2 1
github.com/zeirash/recapo/arion/handler/shop.go:115.2,116.48 2 1
github.com/zeirash/recapo/arion/handler/shop.go:116.48,119.3 2 1
github.com/zeirash/recapo/arion/handler/shop.go:121.2,121.60 1 1
github.com/zeirash/recapo/arion/handler/shop.go:121.60,124.3 2 1
github.com/zeirash/recapo/arion/handler/shop.go:126.2,127.33 2 1
github.com/zeirash/recapo/arion/handler/shop.go:127.33,132.3 1 1
github.com/zeirash/recapo/arion/handler/shop.go:133.2,134.16 2 1
github.com/zeirash/recapo/arion/handler/shop.go:134.16,138.3 3 1
github.com/zeirash/recapo/arion/handler/shop.go:140.2,140.34 1 1
github.com/zeirash/recapo/arion/handler/shop.go:143.80,144.28 1 1
github.com/zeirash/recapo/arion/handler/shop.go:144.28,146.3 1 1
github.com/zeirash/recapo/arion/handler/shop.go:148.2,148.29 1 1
github.com/zeirash/recapo/arion/handler/shop.go:148.29,150.3 1 1
github.com/zeirash/recapo/arion/handler/shop.go:152.2,152.25 1 1
github.com/zeirash/recapo/arion/handler/shop.go:152.25,154.3 1 1
github.com/zeirash/recapo/arion/handler/shop.go:156.2,156.33 1 1
github.com/zeirash/recapo/arion/handler/shop.go:156.33,157.26 1 1
github.com/zeirash/recapo/arion/handler/shop.go:157.26,159.4 1 1
github.com/zeirash/recapo/arion/handler/shop.go:162.2,162.33 1 1
github.com/zeirash/recapo/arion/handler/shop.go:162.33,163.20 1 1
github.com/zeirash/recapo/arion/handler/shop.go:163.20,165.4 1 1
github.com/zeirash/recapo/arion/handler/shop.go:168.2,168.18 1 1
github.com/zeirash/recapo/arion/handler/subscription.go:22.62,24.16 2 1
github.com/zeirash/recapo/arion/handler/subscription.go:24.16,28.3 3 1
github.com/zeirash/recapo/arion/handler/subscription.go:29.2,29.36 1 1
github.com/zeirash/recapo/arion/handler/subscription.go:43.69,48.16 4 1
github.com/zeirash/recapo/arion/handler/subscription.go:48.16,49.52 1 1
github.com/zeirash/recapo/arion/handler/subscription.go:49.52,52.4 2 1
github.com/zeirash/recapo/arion/handler/subscription.go:53.3,55.9 3 1
github.com/zeirash/recapo/arion/handler/subscription.go:58.2,58.34 1 1
github.com/zeirash/recapo/arion/handler/subscription.go:79.62,84.48 4 1
github.com/zeirash/recapo/arion/handler/subscription.go:84.48,87.3 2 0
github.com/zeirash/recapo/arion/handler/subscription.go:89.2,89.21 1 1
github.com/zeirash/recapo/arion/handler/subscription.go:89.21,92.3 2 1
github.com/zeirash/recapo/arion/handler/subscription.go:94.2,95.16 2 1
github.com/zeirash/recapo/arion/handler/subscription.go:95.16,96.93 1 1
github.com/zeirash/recapo/arion/handler/subscription.go:96.93,99.4 2 1
github.com/zeirash/recapo/arion/handler/subscription.go:100.3,102.9 3 0
github.com/zeirash/recapo/arion/handler/subscription.go:105.2,105.35 1 1
github.com/zeirash/recapo/arion/handler/subscription.go:120.72,124.71 3 0
github.com/zeirash/recapo/arion/handler/subscription.go:124.71,125.52 1 0
github.com/zeirash/recapo/arion/handler/subscription.go:125.52,128.4 2 0
github.com/zeirash/recapo/arion/handler/subscription.go:129.3,129.53 1 0
github.com/zeirash/recapo/arion/handler/subscription.go:129.53,132.4 2 0
github.com/zeirash/recapo/arion/handler/subscription.go:133.3,135.9 3 0
github.com/zeirash/recapo/arion/handler/subscription.go:138.2,138.41 1 0
github.com/zeirash/recapo/arion/handler/subscription.go:152.69,154.52 2 1
github.com/zeirash/recapo/arion/handler/subscription.go:154.52,157.3 2 0
github.com/zeirash/recapo/arion/handler/subscription.go:159.2,159.75 1 1
github.com/zeirash/recapo/arion/handler/subscription.go:159.75,160.48 1 1
github.com/zeirash/recapo/arion/handler/subscription.go:160.48,163.4 2 1
github.com/zeirash/recapo/arion/handler/subscription.go:164.3,164.47 1 0
github.com/zeirash/recapo/arion/handler/subscription.go:164.47,167.4 2 0
github.com/zeirash/recapo/arion/handler/subscription.go:168.3,170.9 3 0
github.com/zeirash/recapo/arion/handler/subscription.go:173.2,173.41 1 1
github.com/zeirash/recapo/arion/handler/user.go:20.61,25.16 4 1
github.com/zeirash/recapo/arion/handler/user.go:25.16,26.44 1 1
github.com/zeirash/recapo/arion/handler/user.go:26.44,29.4 2 1
github.com/zeirash/recapo/arion/handler/user.go:30.3,32.9 3 1
github.com/zeirash/recapo/arion/handler/user.go:35.2,35.34 1 1
github.com/zeirash/recapo/arion/handler/user.go:50.62,52.16 2 1
github.com/zeirash/recapo/arion/handler/user.go:52.16,56.3 3 1
github.com/zeirash/recapo/arion/handler/user.go:58.2,58.34 1 1
github.com/zeirash/recapo/arion/handler/user.go:75.64,80.48 4 1
github.com/zeirash/recapo/arion/handler/user.go:80.48,83.3 2 1
github.com/zeirash/recapo/arion/handler/user.go:85.2,91.16 2 1
github.com/zeirash/recapo/arion/handler/user.go:91.16,95.3 3 1
github.com/zeirash/recapo/arion/handler/user.go:97.2,97.34 1 1
github.com/zeirash/recapo/arion/store/customer.go:48.39,50.2 1 0
github.com/zeirash/recapo/arion/store/customer.go:53.55,55.2 1 1
github.com/zeirash/recapo/arion/store/customer.go:57.84,66.21 3 1
github.com/zeirash/recapo/arion/store/customer.go:66.21,69.3 2 1
github.com/zeirash/recapo/arion/store/customer.go:71.2,73.16 3 1
github.com/zeirash/recapo/arion/store/customer.go:73.16,74.27 1 1
github.com/zeirash/recapo/arion/store/customer.go:74.27,76.4 1 1
github.com/zeirash/recapo/arion/store/customer.go:77.3,77.18 1 1
github.com/zeirash/recapo/arion/store/customer.go:80.2,80.23 1 1
github.com/zeirash/recapo/arion/store/customer.go:83.90,91.16 4 1
github.com/zeirash/recapo/arion/store/customer.go:91.16,92.27 1 1
github.com/zeirash/recapo/arion/store/customer.go:92.27,94.4 1 1
github.com/zeirash/recapo/arion/store/customer.go:95.3,95.18 1 1
github.com/zeirash/recapo/arion/store/customer.go:97.2,97.23 1 1
github.com/zeirash/recapo/arion/store/customer.go:100.107,108.79 3 1
github.com/zeirash/recapo/arion/store/customer.go:108.79,111.3 2 1
github.com/zeirash/recapo/arion/store/customer.go:112.2,112.24 1 1
github.com/zeirash/recapo/arion/store/customer.go:112.24,114.21 2 1
github.com/zeirash/recapo/arion/store/customer.go:114.21,117.21 3 1
github.com/zeirash/recapo/arion/store/customer.go:117.21,119.5 1 1
github.com/zeirash/recapo/arion/store/customer.go:119.10,121.5 1 0
github.com/zeirash/recapo/arion/store/customer.go:125.2,126.16 2 1
github.com/zeirash/recapo/arion/store/customer.go:126.16,127.27 1 1
github.com/zeirash/recapo/arion/store/customer.go:127.27,129.4 1 1
github.com/zeirash/recapo/arion/store/customer.go:130.3,130.18 1 1
github.com/zeirash/recapo/arion/store/customer.go:132.2,135.18 3 1
github.com/zeirash/recapo/arion/store/customer.go:135.18,138.17 3 1
github.com/zeirash/recapo/arion/store/customer.go:138.17,140.4 1 0
github.com/zeirash/recapo/arion/store/customer.go:141.3,141.42 1 1
github.com/zeirash/recapo/arion/store/customer.go:144.2,144.23 1 1
github.com/zeirash/recapo/arion/store/customer.go:147.87,152.26 4 1
github.com/zeirash/recapo/arion/store/customer.go:152.26,154.3 1 1
github.com/zeirash/recapo/arion/store/customer.go:156.2,162.16 3 1
github.com/zeirash/recapo/arion/store/customer.go:162.16,163.29 1 1
github.com/zeirash/recapo/arion/store/customer.go:163.29,165.4 1 1
github.com/zeirash/recapo/arion/store/customer.go:166.3,166.18 1 1
github.com/zeirash/recapo/arion/store/customer.go:169.2,175.8 1 1
github.com/zeirash/recapo/arion/store/customer.go:178.95,183.23 3 1
github.com/zeirash/recapo/arion/store/customer.go:183.23,186.3 2 1
github.com/zeirash/recapo/arion/store/customer.go:187.2,187.24 1 1
github.com/zeirash/recapo/arion/store/customer.go:187.24,190.3 2 1
github.com/zeirash/recapo/arion/store/customer.go:191.2,191.26 1 1
github.com/zeirash/recapo/arion/store/customer.go:191.26,194.3 2 1
github.com/zeirash/recapo/arion/store/customer.go:196.2,208.16 5 1
github.com/zeirash/recapo/arion/store/customer.go:208.16,209.29 1 1
github.com/zeirash/recapo/arion/store/customer.go:209.29,211.4 1 1
github.com/zeirash/recapo/arion/store/customer.go:212.3,212.18 1 1
github.com/zeirash/recapo/arion/store/customer.go:215.2,215.23 1 1
github.com/zeirash/recapo/arion/store/customer.go:218.53,225.16 3 1
github.com/zeirash/recapo/arion/store/customer.go:225.16,227.3 1 1
github.com/zeirash/recapo/arion/store/customer.go:229.2,229.12 1 1
github.com/zeirash/recapo/arion/store/customer.go:233.40,234.38 1 1
github.com/zeirash/recapo/arion/store/customer.go:234.38,236.3 1 1
github.com/zeirash/recapo/arion/store/customer.go:237.2,237.14 1 1
github.com/zeirash/recapo/arion/store/order.go:44.33,46.2 1 0
github.com/zeirash/recapo/arion/store/order.go:49.49,51.2 1 1
github.com/zeirash/recapo/arion/store/order.go:53.75,63.21 3 1
github.com/zeirash/recapo/arion/store/order.go:63.21,66.3 2 1
github.com/zeirash/recapo/arion/store/order.go:68.2,70.16 3 1
github.com/zeirash/recapo/arion/store/order.go:70.16,71.27 1 1
github.com/zeirash/recapo/arion/store/order.go:71.27,73.4 1 1
github.com/zeirash/recapo/arion/store/order.go:74.3,74.18 1 1
github.com/zeirash/recapo/arion/store/order.go:77.2,77.20 1 1
github.com/zeirash/recapo/arion/store/order.go:80.101,90.75 4 1
github.com/zeirash/recapo/arion/store/order.go:90.75,94.3 3 1
github.com/zeirash/recapo/arion/store/order.go:95.2,95.26 1 1
github.com/zeirash/recapo/arion/store/order.go:95.26,99.3 3 1
github.com/zeirash/recapo/arion/store/order.go:100.2,100.24 1 1
github.com/zeirash/recapo/arion/store/order.go:100.24,104.3 3 1
github.com/zeirash/recapo/arion/store/order.go:105.2,105.26 1 1
github.com/zeirash/recapo/arion/store/order.go:105.26,109.3 3 1
github.com/zeirash/recapo/arion/store/order.go:110.2,110.31 1 1
github.com/zeirash/recapo/arion/store/order.go:110.31,114.3 3 1
github.com/zeirash/recapo/arion/store/order.go:115.2,115.22 1 1
github.com/zeirash/recapo/arion/store/order.go:115.22,117.21 2 1
github.com/zeirash/recapo/arion/store/order.go:117.21,119.4 1 1
github.com/zeirash/recapo/arion/store/order.go:122.2,123.16 2 1
github.com/zeirash/recapo/arion/store/order.go:123.16,125.3 1 1
github.com/zeirash/recapo/arion/store/order.go:126.2,129.18 3 1
github.com/zeirash/recapo/arion/store/order.go:129.18,132.17 3 1
github.com/zeirash/recapo/arion/store/order.go:132.17,134.4 1 0
github.com/zeirash/recapo/arion/store/order.go:135.3,135.33 1 1
github.com/zeirash/recapo/arion/store/order.go:138.2,138.20 1 1
github.com/zeirash/recapo/arion/store/order.go:141.94,162.16 4 1
github.com/zeirash/recapo/arion/store/order.go:162.16,163.27 1 1
github.com/zeirash/recapo/arion/store/order.go:163.27,165.4 1 1
github.com/zeirash/recapo/arion/store/order.go:166.3,166.18 1 1
github.com/zeirash/recapo/arion/store/order.go:168.2,168.20 1 1
github.com/zeirash/recapo/arion/store/order.go:171.127,176.23 4 1
github.com/zeirash/recapo/arion/store/order.go:176.23,178.3 1 1
github.com/zeirash/recapo/arion/store/order.go:180.2,193.15 4 1
github.com/zeirash/recapo/arion/store/order.go:193.15,197.3 1 0
github.com/zeirash/recapo/arion/store/order.go:197.8,201.3 1 1
github.com/zeirash/recapo/arion/store/order.go:202.2,202.16 1 1
github.com/zeirash/recapo/arion/store/order.go:202.16,204.3 1 1
github.com/zeirash/recapo/arion/store/order.go:206.2,206.20 1 1
github.com/zeirash/recapo/arion/store/order.go:209.99,214.29 3 1
github.com/zeirash/recapo/arion/store/order.go:214.29,217.3 2 1
github.com/zeirash/recapo/arion/store/order.go:218.2,218.25 1 1
github.com/zeirash/recapo/arion/store/order.go:218.25,221.3 2 1
github.com/zeirash/recapo/arion/store/order.go:222.2,222.32 1 1
github.com/zeirash/recapo/arion/store/order.go:222.32,225.3 2 1
github.com/zeirash/recapo/arion/store/order.go:226.2,226.24 1 1
github.com/zeirash/recapo/arion/store/order.go:226.24,229.3 2 1
github.com/zeirash/recapo/arion/store/order.go:231.2,248.15 5 1
github.com/zeirash/recapo/arion/store/order.go:248.15,250.3 1 0
github.com/zeirash/recapo/arion/store/order.go:250.8,252.3 1 1
github.com/zeirash/recapo/arion/store/order.go:253.2,253.16 1 1
github.com/zeirash/recapo/arion/store/order.go:253.16,255.3 1 1
github.com/zeirash/recapo/arion/store/order.go:257.2,257.20 1 1
github.com/zeirash/recapo/arion/store/order.go:260.63,267.16 3 1
github.com/zeirash/recapo/arion/store/order.go:267.16,269.3 1 1
github.com/zeirash/recapo/arion/store/order.go:271.2,271.12 1 1
github.com/zeirash/recapo/arion/store/order.go:274.123,285.16 5 1
github.com/zeirash/recapo/arion/store/order.go:285.16,287.3 1 1
github.com/zeirash/recapo/arion/store/order.go:289.2,289.24 1 1
github.com/zeirash/recapo/arion/store/order.go:292.98,299.16 3 1
github.com/zeirash/recapo/arion/store/order.go:299.16,301.3 1 1
github.com/zeirash/recapo/arion/store/order.go:302.2,302.12 1 1
github.com/zeirash/recapo/arion/store/order.go:305.83,314.21 3 1
github.com/zeirash/recapo/arion/store/order.go:314.21,317.3 2 1
github.com/zeirash/recapo/arion/store/order.go:319.2,321.16 3 1
github.com/zeirash/recapo/arion/store/order.go:321.16,322.27 1 1
github.com/zeirash/recapo/arion/store/order.go:322.27,324.4 1 1
github.com/zeirash/recapo/arion/store/order.go:325.3,325.18 1 1
github.com/zeirash/recapo/arion/store/order.go:328.2,328.24 1 1
github.com/zeirash/recapo/arion/store/order.go:331.109,340.75 4 1
github.com/zeirash/recapo/arion/store/order.go:340.75,344.3 3 1
github.com/zeirash/recapo/arion/store/order.go:345.2,345.26 1 1
github.com/zeirash/recapo/arion/store/order.go:345.26,349.3 3 1
github.com/zeirash/recapo/arion/store/order.go:350.2,350.24 1 1
github.com/zeirash/recapo/arion/store/order.go:350.24,354.3 3 1
github.com/zeirash/recapo/arion/store/order.go:355.2,355.26 1 1
github.com/zeirash/recapo/arion/store/order.go:355.26,359.3 3 1
github.com/zeirash/recapo/arion/store/order.go:360.2,360.22 1 1
github.com/zeirash/recapo/arion/store/order.go:360.22,362.21 2 1
github.com/zeirash/recapo/arion/store/order.go:362.21,364.4 1 1
github.com/zeirash/recapo/arion/store/order.go:367.2,368.16 2 1
github.com/zeirash/recapo/arion/store/order.go:368.16,370.3 1 1
github.com/zeirash/recapo/arion/store/order.go:371.2,374.18 3 1
github.com/zeirash/recapo/arion/store/order.go:374.18,377.17 3 1
github.com/zeirash/recapo/arion/store/order.go:377.17,379.4 1 0
github.com/zeirash/recapo/arion/store/order.go:380.3,380.45 1 1
github.com/zeirash/recapo/arion/store/order.go:383.2,383.24 1 1
github.com/zeirash/recapo/arion/store/order.go:386.93,393.15 3 1
github.com/zeirash/recapo/arion/store/order.go:393.15,395.3 1 1
github.com/zeirash/recapo/arion/store/order.go:395.8,397.3 1 1
github.com/zeirash/recapo/arion/store/order.go:398.2,398.16 1 1
github.com/zeirash/recapo/arion/store/order.go:398.16,400.3 1 1
github.com/zeirash/recapo/arion/store/order.go:401.2,401.12 1 1
github.com/zeirash/recapo/arion/store/order_item.go:37.41,39.2 1 0
github.com/zeirash/recapo/arion/store/order_item.go:42.57,44.2 1 1
github.com/zeirash/recapo/arion/store/order_item.go:46.72,56.16 4 1
github.com/zeirash/recapo/arion/store/order_item.go:56.16,57.27 1 1
github.com/zeirash/recapo/arion/store/order_item.go:57.27,59.4 1 1
github.com/zeirash/recapo/arion/store/order_item.go:60.3,60.18 1 1
github.com/zeirash/recapo/arion/store/order_item.go:63.2,63.24 1 1
github.com/zeirash/recapo/arion/store/order_item.go:66.84,76.16 3 1
github.com/zeirash/recapo/arion/store/order_item.go:76.16,78.3 1 1
github.com/zeirash/recapo/arion/store/order_item.go:79.2,82.18 3 1
github.com/zeirash/recapo/arion/store/order_item.go:82.18,85.17 3 1
github.com/zeirash/recapo/arion/store/order_item.go:85.17,87.4 1 0
github.com/zeirash/recapo/arion/store/order_item.go:88.3,88.45 1 1
github.com/zeirash/recapo/arion/store/order_item.go:91.2,91.24 1 1
github.com/zeirash/recapo/arion/store/order_item.go:94.108,111.15 6 1
github.com/zeirash/recapo/arion/store/order_item.go:111.15,115.3 1 1
github.com/zeirash/recapo/arion/store/order_item.go:115.8,119.3 1 1
github.com/zeirash/recapo/arion/store/order_item.go:120.2,120.16 1 1
github.com/zeirash/recapo/arion/store/order_item.go:120.16,122.3 1 1
github.com/zeirash/recapo/arion/store/order_item.go:124.2,124.24 1 1
github.com/zeirash/recapo/arion/store/order_item.go:127.128,132.22 3 1
github.com/zeirash/recapo/arion/store/order_item.go:132.22,135.3 2 1
github.com/zeirash/recapo/arion/store/order_item.go:136.2,136.28 1 1
github.com/zeirash/recapo/arion/store/order_item.go:136.28,139.3 2 1
github.com/zeirash/recapo/arion/store/order_item.go:141.2,158.15 5 1
github.com/zeirash/recapo/arion/store/order_item.go:158.15,160.3 1 0
github.com/zeirash/recapo/arion/store/order_item.go:160.8,162.3 1 1
github.com/zeirash/recapo/arion/store/order_item.go:163.2,163.16 1 1
github.com/zeirash/recapo/arion/store/order_item.go:163.16,165.3 1 1
github.com/zeirash/recapo/arion/store/order_item.go:167.2,167.24 1 1
github.com/zeirash/recapo/arion/store/order_item.go:170.64,177.16 3 1
github.com/zeirash/recapo/arion/store/order_item.go:177.16,179.3 1 1
github.com/zeirash/recapo/arion/store/order_item.go:181.2,181.12 1 1
github.com/zeirash/recapo/arion/store/order_item.go:184.82,191.16 3 1
github.com/zeirash/recapo/arion/store/order_item.go:191.16,193.3 1 1
github.com/zeirash/recapo/arion/store/order_item.go:195.2,195.12 1 1
github.com/zeirash/recapo/arion/store/order_item.go:198.120,214.16 5 1
github.com/zeirash/recapo/arion/store/order_item.go:214.16,216.3 1 1
github.com/zeirash/recapo/arion/store/order_item.go:218.2,218.28 1 1
github.com/zeirash/recapo/arion/store/order_item.go:221.100,230.16 3 1
github.com/zeirash/recapo/arion/store/order_item.go:230.16,232.3 1 1
github.com/zeirash/recapo/arion/store/order_item.go:233.2,236.18 3 1
github.com/zeirash/recapo/arion/store/order_item.go:236.18,239.17 3 1
github.com/zeirash/recapo/arion/store/order_item.go:239.17,241.4 1 0
github.com/zeirash/recapo/arion/store/order_item.go:242.3,242.57 1 1
github.com/zeirash/recapo/arion/store/order_item.go:245.2,245.28 1 1
github.com/zeirash/recapo/arion/store/order_item.go:248.99,258.16 4 1
github.com/zeirash/recapo/arion/store/order_item.go:258.16,259.27 1 1
github.com/zeirash/recapo/arion/store/order_item.go:259.27,261.4 1 1
github.com/zeirash/recapo/arion/store/order_item.go:262.3,262.18 1 1
github.com/zeirash/recapo/arion/store/order_item.go:265.2,265.24 1 1
github.com/zeirash/recapo/arion/store/order_payment.go:30.47,32.2 1 0
github.com/zeirash/recapo/arion/store/order_payment.go:35.63,37.2 1 1
github.com/zeirash/recapo/arion/store/order_payment.go:39.113,49.15 6 1
github.com/zeirash/recapo/arion/store/order_payment.go:49.15,51.3 1 1
github.com/zeirash/recapo/arion/store/order_payment.go:51.8,53.3 1 1
github.com/zeirash/recapo/arion/store/order_payment.go:54.2,54.16 1 1
github.com/zeirash/recapo/arion/store/order_payment.go:54.16,56.3 1 1
github.com/zeirash/recapo/arion/store/order_payment.go:58.2,63.8 1 1
github.com/zeirash/recapo/arion/store/order_payment.go:66.93,73.16 3 1
github.com/zeirash/recapo/arion/store/order_payment.go:73.16,75.3 1 1
github.com/zeirash/recapo/arion/store/order_payment.go:76.2,79.18 3 1
github.com/zeirash/recapo/arion/store/order_payment.go:79.18,82.17 3 1
github.com/zeirash/recapo/arion/store/order_payment.go:82.17,84.4 1 0
github.com/zeirash/recapo/arion/store/order_payment.go:85.3,85.54 1 1
github.com/zeirash/recapo/arion/store/order_payment.go:88.2,88.27 1 1
github.com/zeirash/recapo/arion/store/order_payment.go:91.123,103.15 5 1
github.com/zeirash/recapo/arion/store/order_payment.go:103.15,105.3 1 1
github.com/zeirash/recapo/arion/store/order_payment.go:105.8,107.3 1 1
github.com/zeirash/recapo/arion/store/order_payment.go:108.2,108.16 1 1
github.com/zeirash/recapo/arion/store/order_payment.go:108.16,110.3 1 1
github.com/zeirash/recapo/arion/store/order_payment.go:111.2,111.27 1 1
github.com/zeirash/recapo/arion/store/order_payment.go:114.70,121.16 3 1
github.com/zeirash/recapo/arion/store/order_payment.go:121.16,123.3 1 1
github.com/zeirash/recapo/arion/store/order_payment.go:125.2,125.12 1 1
github.com/zeirash/recapo/arion/store/order_payment.go:128.88,135.16 3 1
github.com/zeirash/recapo/arion/store/order_payment.go:135.16,137.3 1 1
github.com/zeirash/recapo/arion/store/order_payment.go:138.2,138.12 1 1
github.com/zeirash/recapo/arion/store/product.go:42.37,44.2 1 0
github.com/zeirash/recapo/arion/store/product.go:47.53,49.2 1 1
github.com/zeirash/recapo/arion/store/product.go:51.88,60.21 3 1
github.com/zeirash/recapo/arion/store/product.go:60.21,63.3 2 1
github.com/zeirash/recapo/arion/store/product.go:65.2,67.16 3 1
github.com/zeirash/recapo/arion/store/product.go:67.16,68.27 1 1
github.com/zeirash/recapo/arion/store/product.go:68.27,70.4 1 1
github.com/zeirash/recapo/arion/store/product.go:71.3,71.18 1 1
github.com/zeirash/recapo/arion/store/product.go:74.2,74.22 1 1
github.com/zeirash/recapo/arion/store/product.go:77.104,85.79 3 1
github.com/zeirash/recapo/arion/store/product.go:85.79,88.3 2 1
github.com/zeirash/recapo/arion/store/product.go:89.2,89.24 1 1
github.com/zeirash/recapo/arion/store/product.go:89.24,91.21 2 1
github.com/zeirash/recapo/arion/store/product.go:91.21,94.21 3 1
github.com/zeirash/recapo/arion/store/product.go:94.21,96.5 1 1
github.com/zeirash/recapo/arion/store/product.go:96.10,98.5 1 0
github.com/zeirash/recapo/arion/store/product.go:102.2,103.16 2 1
github.com/zeirash/recapo/arion/store/product.go:103.16,104.27 1 1
github.com/zeirash/recapo/arion/store/product.go:104.27,106.4 1 1
github.com/zeirash/recapo/arion/store/product.go:107.3,107.18 1 1
github.com/zeirash/recapo/arion/store/product.go:109.2,112.18 3 1
github.com/zeirash/recapo/arion/store/product.go:112.18,115.17 3 1
github.com/zeirash/recapo/arion/store/product.go:115.17,117.4 1 0
github.com/zeirash/recapo/arion/store/product.go:118.3,118.39 1 1
github.com/zeirash/recapo/arion/store/product.go:121.2,121.22 1 1
github.com/zeirash/recapo/arion/store/product.go:124.152,127.26 3 1
github.com/zeirash/recapo/arion/store/product.go:127.26,129.3 1 1
github.com/zeirash/recapo/arion/store/product.go:131.2,142.16 6 1
github.com/zeirash/recapo/arion/store/product.go:142.16,143.36 1 1
github.com/zeirash/recapo/arion/store/product.go:143.36,145.4 1 1
github.com/zeirash/recapo/arion/store/product.go:146.3,146.18 1 1
github.com/zeirash/recapo/arion/store/product.go:149.2,158.8 1 1
github.com/zeirash/recapo/arion/store/product.go:161.98,166.23 3 1
github.com/zeirash/recapo/arion/store/product.go:166.23,169.3 2 1
github.com/zeirash/recapo/arion/store/product.go:170.2,170.30 1 1
github.com/zeirash/recapo/arion/store/product.go:170.30,173.3 2 1
github.com/zeirash/recapo/arion/store/product.go:174.2,174.24 1 1
github.com/zeirash/recapo/arion/store/product.go:174.24,177.3 2 1
github.com/zeirash/recapo/arion/store/product.go:178.2,178.32 1 1
github.com/zeirash/recapo/arion/store/product.go:178.32,181.3 2 1
github.com/zeirash/recapo/arion/store/product.go:182.2,182.27 1 1
github.com/zeirash/recapo/arion/store/product.go:182.27,185.3 2 0
github.com/zeirash/recapo/arion/store/product.go:187.2,199.16 5 1
[...]
github.com/zeirash/recapo/arion/service/order.go:831.16,833.3 1 0
github.com/zeirash/recapo/arion/service/order.go:835.2,836.16 2 1
github.com/zeirash/recapo/arion/service/order.go:836.16,838.3 1 0
github.com/zeirash/recapo/arion/service/order.go:840.2,841.39 2 1
github.com/zeirash/recapo/arion/service/order.go:841.39,843.3 1 1
github.com/zeirash/recapo/arion/service/order.go:845.2,854.8 1 1
github.com/zeirash/recapo/arion/service/product.go:51.79,53.16 2 0
github.com/zeirash/recapo/arion/service/product.go:53.16,55.3 1 0
github.com/zeirash/recapo/arion/service/product.go:56.2,62.12 2 0
github.com/zeirash/recapo/arion/service/product.go:66.43,68.16 2 0
github.com/zeirash/recapo/arion/service/product.go:68.16,70.3 1 0
github.com/zeirash/recapo/arion/service/product.go:71.2,75.12 2 0
github.com/zeirash/recapo/arion/service/product.go:78.55,86.16 3 0
github.com/zeirash/recapo/arion/service/product.go:86.16,88.3 1 0
github.com/zeirash/recapo/arion/service/product.go:89.2,89.54 1 0
github.com/zeirash/recapo/arion/service/product.go:89.54,92.3 2 0
github.com/zeirash/recapo/arion/service/product.go:95.41,98.25 2 0
github.com/zeirash/recapo/arion/service/product.go:98.25,100.3 1 0
github.com/zeirash/recapo/arion/service/product.go:102.2,102.20 1 0
github.com/zeirash/recapo/arion/service/product.go:105.159,107.16 2 1
github.com/zeirash/recapo/arion/service/product.go:107.16,109.3 1 1
github.com/zeirash/recapo/arion/service/product.go:111.2,121.17 2 1
github.com/zeirash/recapo/arion/service/product.go:124.96,126.16 2 1
github.com/zeirash/recapo/arion/service/product.go:126.16,128.3 1 1
github.com/zeirash/recapo/arion/service/product.go:130.2,130.20 1 1
github.com/zeirash/recapo/arion/service/product.go:130.20,132.3 1 1
github.com/zeirash/recapo/arion/service/product.go:134.2,144.29 2 1
github.com/zeirash/recapo/arion/service/product.go:144.29,146.3 1 1
github.com/zeirash/recapo/arion/service/product.go:148.2,148.18 1 1
github.com/zeirash/recapo/arion/service/product.go:151.112,153.16 2 1
github.com/zeirash/recapo/arion/service/product.go:153.16,155.3 1 1
github.com/zeirash/recapo/arion/service/product.go:157.2,158.35 2 1
github.com/zeirash/recapo/arion/service/product.go:158.35,169.30 2 1
github.com/zeirash/recapo/arion/service/product.go:169.30,172.4 2 1
github.com/zeirash/recapo/arion/service/product.go:174.3,174.43 1 1
github.com/zeirash/recapo/arion/service/product.go:177.2,177.26 1 1
github.com/zeirash/recapo/arion/service/product.go:180.90,189.16 3 1
github.com/zeirash/recapo/arion/service/product.go:189.16,191.3 1 1
github.com/zeirash/recapo/arion/service/product.go:193.2,203.33 2 1
github.com/zeirash/recapo/arion/service/product.go:203.33,205.3 1 1
github.com/zeirash/recapo/arion/service/product.go:207.2,207.17 1 1
github.com/zeirash/recapo/arion/service/product.go:210.52,212.16 2 1
github.com/zeirash/recapo/arion/service/product.go:212.16,214.3 1 1
github.com/zeirash/recapo/arion/service/product.go:216.2,216.12 1 1
github.com/zeirash/recapo/arion/service/product.go:219.100,221.16 2 1
github.com/zeirash/recapo/arion/service/product.go:221.16,223.3 1 1
github.com/zeirash/recapo/arion/service/product.go:225.2,226.35 2 1
github.com/zeirash/recapo/arion/service/product.go:226.35,232.3 1 1
github.com/zeirash/recapo/arion/service/product.go:234.2,234.26 1 1
github.com/zeirash/recapo/arion/service/product.go:237.71,240.33 3 1
github.com/zeirash/recapo/arion/service/product.go:240.33,242.3 1 0
github.com/zeirash/recapo/arion/service/product.go:243.2,246.21 3 1
github.com/zeirash/recapo/arion/service/product.go:247.20,248.15 1 1
github.com/zeirash/recapo/arion/service/product.go:249.19,250.15 1 0
github.com/zeirash/recapo/arion/service/product.go:251.20,252.16 1 0
github.com/zeirash/recapo/arion/service/product.go:253.10,254.56 1 1
github.com/zeirash/recapo/arion/service/product.go:257.2,258.48 2 1
github.com/zeirash/recapo/arion/service/product.go:258.48,260.3 1 0
github.com/zeirash/recapo/arion/service/product.go:261.2,267.28 3 1
github.com/zeirash/recapo/arion/service/product.go:267.28,269.74 2 1
github.com/zeirash/recapo/arion/service/product.go:269.74,271.4 1 1
github.com/zeirash/recapo/arion/service/product.go:272.3,272.48 1 1
github.com/zeirash/recapo/arion/service/product.go:276.2,277.53 2 1
github.com/zeirash/recapo/arion/service/product.go:277.53,279.3 1 0
github.com/zeirash/recapo/arion/service/product.go:281.2,283.16 3 1
github.com/zeirash/recapo/arion/service/product.go:283.16,285.3 1 0
github.com/zeirash/recapo/arion/service/product.go:286.2,288.52 2 1
github.com/zeirash/recapo/arion/service/product.go:288.52,291.3 2 0
github.com/zeirash/recapo/arion/service/product.go:293.2,293.45 1 1
github.com/zeirash/recapo/arion/service/product.go:296.62,298.101 1 1
github.com/zeirash/recapo/arion/service/product.go:298.101,301.3 2 1
github.com/zeirash/recapo/arion/service/product.go:304.2,305.45 2 1
github.com/zeirash/recapo/arion/service/product.go:305.45,307.3 1 1
github.com/zeirash/recapo/arion/service/product.go:309.2,311.44 3 1
github.com/zeirash/recapo/arion/service/product.go:311.44,312.25 1 1
github.com/zeirash/recapo/arion/service/product.go:312.25,314.4 1 1
github.com/zeirash/recapo/arion/service/product.go:315.3,315.13 1 0
github.com/zeirash/recapo/arion/service/product.go:318.2,318.12 1 1
github.com/zeirash/recapo/arion/service/service.go:26.51,26.85 1 0
github.com/zeirash/recapo/arion/service/shop.go:22.35,25.22 2 0
github.com/zeirash/recapo/arion/service/shop.go:25.22,27.3 1 0
github.com/zeirash/recapo/arion/service/shop.go:28.2,28.25 1 0
github.com/zeirash/recapo/arion/service/shop.go:28.25,30.3 1 0
github.com/zeirash/recapo/arion/service/shop.go:32.2,32.23 1 0
github.com/zeirash/recapo/arion/service/shop.go:35.69,37.16 2 1
github.com/zeirash/recapo/arion/service/shop.go:37.16,39.3 1 1
github.com/zeirash/recapo/arion/service/shop.go:40.2,40.17 1 1
github.com/zeirash/recapo/arion/service/shop.go:40.17,42.3 1 1
github.com/zeirash/recapo/arion/service/shop.go:43.2,43.19 1 1
github.com/zeirash/recapo/arion/service/shop.go:46.92,48.16 2 1
github.com/zeirash/recapo/arion/service/shop.go:48.16,50.3 1 1
github.com/zeirash/recapo/arion/service/shop.go:52.2,52.17 1 1
github.com/zeirash/recapo/arion/service/shop.go:52.17,54.3 1 1
github.com/zeirash/recapo/arion/service/shop.go:56.2,57.16 2 1
github.com/zeirash/recapo/arion/service/shop.go:57.16,59.3 1 1
github.com/zeirash/recapo/arion/service/shop.go:61.2,62.35 2 1
github.com/zeirash/recapo/arion/service/shop.go:62.35,72.30 2 1
github.com/zeirash/recapo/arion/service/shop.go:72.30,75.4 2 1
github.com/zeirash/recapo/arion/service/shop.go:76.3,76.43 1 1
github.com/zeirash/recapo/arion/service/shop.go:79.2,79.26 1 1
github.com/zeirash/recapo/arion/service/subscription.go:75.51,76.30 1 0
github.com/zeirash/recapo/arion/service/subscription.go:76.30,78.3 1 0
github.com/zeirash/recapo/arion/service/subscription.go:79.2,79.22 1 0
github.com/zeirash/recapo/arion/service/subscription.go:79.22,81.3 1 0
github.com/zeirash/recapo/arion/service/subscription.go:82.2,82.25 1 0
github.com/zeirash/recapo/arion/service/subscription.go:85.71,87.16 2 1
github.com/zeirash/recapo/arion/service/subscription.go:87.16,89.3 1 1
github.com/zeirash/recapo/arion/service/subscription.go:91.2,92.26 2 1
github.com/zeirash/recapo/arion/service/subscription.go:92.26,102.3 1 1
github.com/zeirash/recapo/arion/service/subscription.go:103.2,103.20 1 1
github.com/zeirash/recapo/arion/service/subscription.go:106.97,108.16 2 1
github.com/zeirash/recapo/arion/service/subscription.go:108.16,110.3 1 1
github.com/zeirash/recapo/arion/service/subscription.go:111.2,111.16 1 1
github.com/zeirash/recapo/arion/service/subscription.go:111.16,113.3 1 1
github.com/zeirash/recapo/arion/service/subscription.go:115.2,116.16 2 1
github.com/zeirash/recapo/arion/service/subscription.go:116.16,118.3 1 0
github.com/zeirash/recapo/arion/service/subscription.go:119.2,119.17 1 1
github.com/zeirash/recapo/arion/service/subscription.go:119.17,121.3 1 1
github.com/zeirash/recapo/arion/service/subscription.go:123.2,139.27 2 1
github.com/zeirash/recapo/arion/service/subscription.go:139.27,141.3 1 1
github.com/zeirash/recapo/arion/service/subscription.go:143.2,143.18 1 1
github.com/zeirash/recapo/arion/service/subscription.go:146.67,148.16 2 1
github.com/zeirash/recapo/arion/service/subscription.go:148.16,150.3 1 0
github.com/zeirash/recapo/arion/service/subscription.go:151.2,151.21 1 1
github.com/zeirash/recapo/arion/service/subscription.go:151.21,153.3 1 1
github.com/zeirash/recapo/arion/service/subscription.go:155.2,160.16 5 1
github.com/zeirash/recapo/arion/service/subscription.go:160.16,162.3 1 0
github.com/zeirash/recapo/arion/service/subscription.go:163.2,166.16 3 1
github.com/zeirash/recapo/arion/service/subscription.go:166.16,168.3 1 0
github.com/zeirash/recapo/arion/service/subscription.go:170.2,170.20 1 1
github.com/zeirash/recapo/arion/service/subscription.go:173.86,175.16 2 1
github.com/zeirash/recapo/arion/service/subscription.go:175.16,177.3 1 0
github.com/zeirash/recapo/arion/service/subscription.go:178.2,178.17 1 1
github.com/zeirash/recapo/arion/service/subscription.go:178.17,180.3 1 1
github.com/zeirash/recapo/arion/service/subscription.go:182.2,183.16 2 1
github.com/zeirash/recapo/arion/service/subscription.go:183.16,185.3 1 0
github.com/zeirash/recapo/arion/service/subscription.go:186.2,186.16 1 1
github.com/zeirash/recapo/arion/service/subscription.go:186.16,188.3 1 1
github.com/zeirash/recapo/arion/service/subscription.go:190.2,194.16 4 1
github.com/zeirash/recapo/arion/service/subscription.go:194.16,196.3 1 1
github.com/zeirash/recapo/arion/service/subscription.go:197.2,200.16 3 1
github.com/zeirash/recapo/arion/service/subscription.go:200.16,202.3 1 1
github.com/zeirash/recapo/arion/service/subscription.go:204.2,204.36 1 1
github.com/zeirash/recapo/arion/service/subscription.go:204.36,206.3 1 1
github.com/zeirash/recapo/arion/service/subscription.go:208.2,209.16 2 0
github.com/zeirash/recapo/arion/service/subscription.go:209.16,211.3 1 0
github.com/zeirash/recapo/arion/service/subscription.go:213.2,213.114 1 0
github.com/zeirash/recapo/arion/service/subscription.go:213.114,215.3 1 0
github.com/zeirash/recapo/arion/service/subscription.go:217.2,221.8 1 0
github.com/zeirash/recapo/arion/service/subscription.go:224.85,230.38 5 1
github.com/zeirash/recapo/arion/service/subscription.go:230.38,232.3 1 1
github.com/zeirash/recapo/arion/service/subscription.go:234.2,235.16 2 1
github.com/zeirash/recapo/arion/service/subscription.go:235.16,237.3 1 0
github.com/zeirash/recapo/arion/service/subscription.go:238.2,238.20 1 1
github.com/zeirash/recapo/arion/service/subscription.go:238.20,240.3 1 1
github.com/zeirash/recapo/arion/service/subscription.go:242.2,244.16 3 1
github.com/zeirash/recapo/arion/service/subscription.go:244.16,246.3 1 0
github.com/zeirash/recapo/arion/service/subscription.go:247.2,249.35 2 1
github.com/zeirash/recapo/arion/service/subscription.go:251.33,252.100 1 1
github.com/zeirash/recapo/arion/service/subscription.go:252.100,253.9 1 1
github.com/zeirash/recapo/arion/service/subscription.go:255.3,256.111 2 1
github.com/zeirash/recapo/arion/service/subscription.go:256.111,258.4 1 0
github.com/zeirash/recapo/arion/service/subscription.go:259.3,260.134 2 1
github.com/zeirash/recapo/arion/service/subscription.go:260.134,262.4 1 0
github.com/zeirash/recapo/arion/service/subscription.go:266.33,267.106 1 1
github.com/zeirash/recapo/arion/service/subscription.go:267.106,269.4 1 0
github.com/zeirash/recapo/arion/service/subscription.go:272.2,272.20 1 1
github.com/zeirash/recapo/arion/service/subscription.go:275.53,277.16 2 0
github.com/zeirash/recapo/arion/service/subscription.go:277.16,279.3 1 0
github.com/zeirash/recapo/arion/service/subscription.go:280.2,280.15 1 0
github.com/zeirash/recapo/arion/service/subscription.go:280.15,282.3 1 0
github.com/zeirash/recapo/arion/service/subscription.go:283.2,283.12 1 0
github.com/zeirash/recapo/arion/service/subscription.go:286.62,288.16 2 0
github.com/zeirash/recapo/arion/service/subscription.go:288.16,290.3 1 0
github.com/zeirash/recapo/arion/service/subscription.go:291.2,291.16 1 0
github.com/zeirash/recapo/arion/service/subscription.go:291.16,293.3 1 0
github.com/zeirash/recapo/arion/service/subscription.go:294.2,294.44 1 0
github.com/zeirash/recapo/arion/service/subscription.go:294.44,296.3 1 0
github.com/zeirash/recapo/arion/service/subscription.go:298.2,300.16 3 0
github.com/zeirash/recapo/arion/service/subscription.go:300.16,302.3 1 0
github.com/zeirash/recapo/arion/service/subscription.go:303.2,305.73 2 0
github.com/zeirash/recapo/arion/service/subscription.go:305.73,307.3 1 0
github.com/zeirash/recapo/arion/service/subscription.go:308.2,308.20 1 0
github.com/zeirash/recapo/arion/service/subscription.go:311.72,313.16 2 1
github.com/zeirash/recapo/arion/service/subscription.go:313.16,315.3 1 0
github.com/zeirash/recapo/arion/service/subscription.go:316.2,316.16 1 1
github.com/zeirash/recapo/arion/service/subscription.go:316.16,318.3 1 1
github.com/zeirash/recapo/arion/service/subscription.go:320.2,322.20 2 1
github.com/zeirash/recapo/arion/service/subscription.go:323.32,324.47 1 1
github.com/zeirash/recapo/arion/service/subscription.go:325.34,326.28 1 1
github.com/zeirash/recapo/arion/service/subscription.go:326.28,328.4 1 1
github.com/zeirash/recapo/arion/service/subscription.go:329.3,329.20 1 0
github.com/zeirash/recapo/arion/service/subscription.go:330.10,331.20 1 0
github.com/zeirash/recapo/arion/service/subscription.go:335.99,355.16 5 0
github.com/zeirash/recapo/arion/service/subscription.go:355.16,357.3 1 0
github.com/zeirash/recapo/arion/service/subscription.go:359.2,359.17 1 0
github.com/zeirash/recapo/arion/service/subscription.go:359.17,364.3 1 0
github.com/zeirash/recapo/arion/service/subscription.go:366.2,367.16 2 0
github.com/zeirash/recapo/arion/service/subscription.go:367.16,369.3 1 0
github.com/zeirash/recapo/arion/service/subscription.go:371.2,372.16 2 0
github.com/zeirash/recapo/arion/service/subscription.go:372.16,374.3 1 0
github.com/zeirash/recapo/arion/service/subscription.go:376.2,382.16 6 0
github.com/zeirash/recapo/arion/service/subscription.go:382.16,384.3 1 0
github.com/zeirash/recapo/arion/service/subscription.go:385.2,388.16 3 0
github.com/zeirash/recapo/arion/service/subscription.go:388.16,390.3 1 0
github.com/zeirash/recapo/arion/service/subscription.go:392.2,392.79 1 0
github.com/zeirash/recapo/arion/service/subscription.go:392.79,394.3 1 0
github.com/zeirash/recapo/arion/service/subscription.go:396.2,397.61 2 0
github.com/zeirash/recapo/arion/service/subscription.go:397.61,399.3 1 0
github.com/zeirash/recapo/arion/service/subscription.go:401.2,401.23 1 0
github.com/zeirash/recapo/arion/service/user.go:37.35,40.22 2 0
github.com/zeirash/recapo/arion/service/user.go:40.22,42.3 1 0
github.com/zeirash/recapo/arion/service/user.go:44.2,44.23 1 0
github.com/zeirash/recapo/arion/service/user.go:44.23,46.3 1 0
github.com/zeirash/recapo/arion/service/user.go:48.2,48.22 1 0
github.com/zeirash/recapo/arion/service/user.go:48.22,50.3 1 0
github.com/zeirash/recapo/arion/service/user.go:52.2,52.32 1 0
github.com/zeirash/recapo/arion/service/user.go:52.32,54.3 1 0
github.com/zeirash/recapo/arion/service/user.go:56.2,56.20 1 0
github.com/zeirash/recapo/arion/service/user.go:59.86,61.16 2 1
github.com/zeirash/recapo/arion/service/user.go:61.16,63.3 1 1
github.com/zeirash/recapo/arion/service/user.go:65.2,65.17 1 1
github.com/zeirash/recapo/arion/service/user.go:65.17,67.3 1 1
github.com/zeirash/recapo/arion/service/user.go:69.2,69.83 1 1
github.com/zeirash/recapo/arion/service/user.go:69.83,71.3 1 1
github.com/zeirash/recapo/arion/service/user.go:73.2,74.16 2 1
github.com/zeirash/recapo/arion/service/user.go:74.16,76.3 1 1
github.com/zeirash/recapo/arion/service/user.go:78.2,79.16 2 1
github.com/zeirash/recapo/arion/service/user.go:79.16,81.3 1 1
github.com/zeirash/recapo/arion/service/user.go:83.2,86.8 1 1
github.com/zeirash/recapo/arion/service/user.go:89.86,92.16 2 1
github.com/zeirash/recapo/arion/service/user.go:92.16,94.3 1 1
github.com/zeirash/recapo/arion/service/user.go:97.2,98.16 2 1
github.com/zeirash/recapo/arion/service/user.go:98.16,100.3 1 1
github.com/zeirash/recapo/arion/service/user.go:102.2,102.17 1 1
github.com/zeirash/recapo/arion/service/user.go:102.17,104.3 1 1
github.com/zeirash/recapo/arion/service/user.go:107.2,108.16 2 1
github.com/zeirash/recapo/arion/service/user.go:108.16,110.3 1 1
github.com/zeirash/recapo/arion/service/user.go:112.2,113.16 2 1
github.com/zeirash/recapo/arion/service/user.go:113.16,115.3 1 1
github.com/zeirash/recapo/arion/service/user.go:117.2,120.8 1 1
github.com/zeirash/recapo/arion/service/user.go:123.95,125.16 2 1
github.com/zeirash/recapo/arion/service/user.go:125.16,127.3 1 1
github.com/zeirash/recapo/arion/service/user.go:129.2,129.22 1 1
github.com/zeirash/recapo/arion/service/user.go:129.22,131.3 1 1
github.com/zeirash/recapo/arion/service/user.go:133.2,137.16 2 1
github.com/zeirash/recapo/arion/service/user.go:137.16,139.3 1 0
github.com/zeirash/recapo/arion/service/user.go:141.2,144.16 3 1
github.com/zeirash/recapo/arion/service/user.go:144.16,146.3 1 1
github.com/zeirash/recapo/arion/service/user.go:147.2,151.16 4 1
github.com/zeirash/recapo/arion/service/user.go:151.16,153.3 1 1
github.com/zeirash/recapo/arion/service/user.go:155.2,156.16 2 1
github.com/zeirash/recapo/arion/service/user.go:156.16,158.3 1 1
github.com/zeirash/recapo/arion/service/user.go:160.2,160.36 1 1
github.com/zeirash/recapo/arion/service/user.go:160.36,162.3 1 1
github.com/zeirash/recapo/arion/service/user.go:164.2,164.87 1 1
github.com/zeirash/recapo/arion/service/user.go:164.87,166.3 1 1
github.com/zeirash/recapo/arion/service/user.go:168.2,169.16 2 1
github.com/zeirash/recapo/arion/service/user.go:169.16,171.3 1 1
github.com/zeirash/recapo/arion/service/user.go:173.2,174.16 2 1
github.com/zeirash/recapo/arion/service/user.go:174.16,176.3 1 1
github.com/zeirash/recapo/arion/service/user.go:178.2,181.8 1 1
github.com/zeirash/recapo/arion/service/user.go:184.81,186.16 2 1
github.com/zeirash/recapo/arion/service/user.go:186.16,188.3 1 1
github.com/zeirash/recapo/arion/service/user.go:190.2,190.17 1 1
github.com/zeirash/recapo/arion/service/user.go:190.17,192.3 1 1
github.com/zeirash/recapo/arion/service/user.go:194.2,195.27 2 1
github.com/zeirash/recapo/arion/service/user.go:195.27,200.17 2 1
github.com/zeirash/recapo/arion/service/user.go:200.17,202.4 1 0
github.com/zeirash/recapo/arion/service/user.go:204.3,204.39 1 1
github.com/zeirash/recapo/arion/service/user.go:207.2,211.20 2 1
github.com/zeirash/recapo/arion/service/user.go:211.20,213.3 1 1
github.com/zeirash/recapo/arion/service/user.go:215.2,216.16 2 1
github.com/zeirash/recapo/arion/service/user.go:216.16,218.3 1 1
github.com/zeirash/recapo/arion/service/user.go:220.2,227.30 2 1
github.com/zeirash/recapo/arion/service/user.go:227.30,229.3 1 1
github.com/zeirash/recapo/arion/service/user.go:231.2,231.17 1 1
github.com/zeirash/recapo/arion/service/user.go:234.72,236.16 2 1
github.com/zeirash/recapo/arion/service/user.go:236.16,238.3 1 1
github.com/zeirash/recapo/arion/service/user.go:240.2,240.17 1 1
github.com/zeirash/recapo/arion/service/user.go:240.17,242.3 1 1
github.com/zeirash/recapo/arion/service/user.go:244.2,251.26 2 1
github.com/zeirash/recapo/arion/service/user.go:251.26,253.3 1 1
github.com/zeirash/recapo/arion/service/user.go:255.2,255.18 1 1
github.com/zeirash/recapo/arion/service/user.go:258.60,260.16 2 1
github.com/zeirash/recapo/arion/service/user.go:260.16,262.3 1 1
github.com/zeirash/recapo/arion/service/user.go:264.2,265.29 2 1
github.com/zeirash/recapo/arion/service/user.go:265.29,273.27 2 1
github.com/zeirash/recapo/arion/service/user.go:273.27,276.4 2 1
github.com/zeirash/recapo/arion/service/user.go:278.3,278.37 1 1
github.com/zeirash/recapo/arion/service/user.go:281.2,281.23 1 1
